<?xml version="1.0" encoding="UTF-8"?><testrun name="Milestone1PublicTests" project="Game" tests="252" started="252" failures="5" errors="46" ignored="0">
  <testsuite name="test.Milestone1PublicTests" time="153.071">
    <testcase name="testBoardInstanceVariablehSafeZonesOfTypeArrayListOfSafeZone" classname="test.Milestone1PublicTests" time="0.0"/>
    <testcase name="testCardFileInDeckOfType" classname="test.Milestone1PublicTests" time="0.0"/>
    <testcase name="testBurnerCardConstructorInitialization" classname="test.Milestone1PublicTests" time="9.979">
      <error>java.lang.Exception: test timed out after 10000 milliseconds&#13;
	at model.card.Deck.handleString(Deck.java:36)&#13;
	at model.card.Deck.loadCardPool(Deck.java:113)&#13;
	at engine.Game.&lt;init&gt;(Game.java:49)&#13;
	at sun.reflect.NativeConstructorAccessorImpl.newInstance0(Native Method)&#13;
	at sun.reflect.NativeConstructorAccessorImpl.newInstance(NativeConstructorAccessorImpl.java:62)&#13;
	at sun.reflect.DelegatingConstructorAccessorImpl.newInstance(DelegatingConstructorAccessorImpl.java:45)&#13;
	at java.lang.reflect.Constructor.newInstance(Constructor.java:408)&#13;
	at test.Milestone1PublicTests.createGame(Milestone1PublicTests.java:4187)&#13;
	at test.Milestone1PublicTests.testBurnerCardConstructorInitialization(Milestone1PublicTests.java:927)&#13;
	at sun.reflect.NativeMethodAccessorImpl.invoke0(Native Method)&#13;
	at sun.reflect.NativeMethodAccessorImpl.invoke(NativeMethodAccessorImpl.java:62)&#13;
	at sun.reflect.DelegatingMethodAccessorImpl.invoke(DelegatingMethodAccessorImpl.java:43)&#13;
	at java.lang.reflect.Method.invoke(Method.java:483)&#13;
	at org.junit.runners.model.FrameworkMethod$1.runReflectiveCall(FrameworkMethod.java:47)&#13;
	at org.junit.internal.runners.model.ReflectiveCallable.run(ReflectiveCallable.java:12)&#13;
	at org.junit.runners.model.FrameworkMethod.invokeExplosively(FrameworkMethod.java:44)&#13;
	at org.junit.internal.runners.statements.InvokeMethod.evaluate(InvokeMethod.java:17)&#13;
	at org.junit.internal.runners.statements.FailOnTimeout$StatementThread.run(FailOnTimeout.java:74)&#13;
&#13;
</error>
    </testcase>
    <testcase name="testConstructorWild" classname="test.Milestone1PublicTests" time="0.003"/>
    <testcase name="testConstructorSplitOutOfRangeException" classname="test.Milestone1PublicTests" time="0.012">
      <failure>java.lang.AssertionError: Missing constructor with String  parameter in SplitOutOfRangeException class.&#13;
	at org.junit.Assert.fail(Assert.java:88)&#13;
	at org.junit.Assert.assertTrue(Assert.java:41)&#13;
	at org.junit.Assert.assertFalse(Assert.java:64)&#13;
	at test.Milestone1PublicTests.testConstructorExists(Milestone1PublicTests.java:5217)&#13;
	at test.Milestone1PublicTests.testConstructorSplitOutOfRangeException(Milestone1PublicTests.java:3873)&#13;
	at sun.reflect.NativeMethodAccessorImpl.invoke0(Native Method)&#13;
	at sun.reflect.NativeMethodAccessorImpl.invoke(NativeMethodAccessorImpl.java:62)&#13;
	at sun.reflect.DelegatingMethodAccessorImpl.invoke(DelegatingMethodAccessorImpl.java:43)&#13;
	at java.lang.reflect.Method.invoke(Method.java:483)&#13;
	at org.junit.runners.model.FrameworkMethod$1.runReflectiveCall(FrameworkMethod.java:47)&#13;
	at org.junit.internal.runners.model.ReflectiveCallable.run(ReflectiveCallable.java:12)&#13;
	at org.junit.runners.model.FrameworkMethod.invokeExplosively(FrameworkMethod.java:44)&#13;
	at org.junit.internal.runners.statements.InvokeMethod.evaluate(InvokeMethod.java:17)&#13;
	at org.junit.internal.runners.statements.FailOnTimeout$StatementThread.run(FailOnTimeout.java:74)&#13;
&#13;
</failure>
    </testcase>
    <testcase name="testCardInstanceVariableNameIsPresent" classname="test.Milestone1PublicTests" time="0.0"/>
    <testcase name="testClassIsAbstractGameException" classname="test.Milestone1PublicTests" time="0.0"/>
    <testcase name="testBoardInstanceVariableTrackIsFinal" classname="test.Milestone1PublicTests" time="0.002"/>
    <testcase name="testPlayerInstanceVariableMarblesGetterLogic" classname="test.Milestone1PublicTests" time="0.001"/>
    <testcase name="testConstructorIllegalSwapException" classname="test.Milestone1PublicTests" time="0.004"/>
    <testcase name="testGameInstanceVariableTurnNOGetter" classname="test.Milestone1PublicTests" time="0.111">
      <failure>java.lang.AssertionError: The "turn" instance variable in class Game is not a READ variable.&#13;
	at org.junit.Assert.fail(Assert.java:88)&#13;
	at org.junit.Assert.assertTrue(Assert.java:41)&#13;
	at org.junit.Assert.assertFalse(Assert.java:64)&#13;
	at test.Milestone1PublicTests.testGetterMethodExistsInClass(Milestone1PublicTests.java:5070)&#13;
	at test.Milestone1PublicTests.testGameInstanceVariableTurnNOGetter(Milestone1PublicTests.java:741)&#13;
	at sun.reflect.NativeMethodAccessorImpl.invoke0(Native Method)&#13;
	at sun.reflect.NativeMethodAccessorImpl.invoke(NativeMethodAccessorImpl.java:62)&#13;
	at sun.reflect.DelegatingMethodAccessorImpl.invoke(DelegatingMethodAccessorImpl.java:43)&#13;
	at java.lang.reflect.Method.invoke(Method.java:483)&#13;
	at org.junit.runners.model.FrameworkMethod$1.runReflectiveCall(FrameworkMethod.java:47)&#13;
	at org.junit.internal.runners.model.ReflectiveCallable.run(ReflectiveCallable.java:12)&#13;
	at org.junit.runners.model.FrameworkMethod.invokeExplosively(FrameworkMethod.java:44)&#13;
	at org.junit.internal.runners.statements.InvokeMethod.evaluate(InvokeMethod.java:17)&#13;
	at org.junit.internal.runners.statements.FailOnTimeout$StatementThread.run(FailOnTimeout.java:74)&#13;
&#13;
</failure>
    </testcase>
    <testcase name="testInvalidMarbleExceptionConstructorInitializationCheck" classname="test.Milestone1PublicTests" time="0.004"/>
    <testcase name="testClassFiveExists" classname="test.Milestone1PublicTests" time="0.003"/>
    <testcase name="testCurrentPlayerIndexInGameType" classname="test.Milestone1PublicTests" time="0.001"/>
    <testcase name="testGetterForInstanceVariableSuitDoesNotExistInWeaponSubClasses" classname="test.Milestone1PublicTests" time="0.009"/>
    <testcase name="testGameInstanceVariableBoardNoSetter" classname="test.Milestone1PublicTests" time="0.0"/>
    <testcase name="testIllegalMovementExceptionConstructorInitialization" classname="test.Milestone1PublicTests" time="0.004"/>
    <testcase name="testGameInstanceVariableBoardIsFinal" classname="test.Milestone1PublicTests" time="0.0"/>
    <testcase name="testAssignTrapExistanceInClassBoard" classname="test.Milestone1PublicTests" time="0.0"/>
    <testcase name="testConstructorInvalidCardException" classname="test.Milestone1PublicTests" time="0.001"/>
    <testcase name="testGameInstanceVariableFirePitIsPrivate" classname="test.Milestone1PublicTests" time="0.002"/>
    <testcase name="testGameInstanceVariableFirePitPresent" classname="test.Milestone1PublicTests" time="0.0"/>
    <testcase name="testTrapInCellSetterLogic2" classname="test.Milestone1PublicTests" time="0.001"/>
    <testcase name="testConstructorCannotDiscardException" classname="test.Milestone1PublicTests" time="0.003"/>
    <testcase name="testCellTypeEnumValues" classname="test.Milestone1PublicTests" time="0.0"/>
    <testcase name="testKingCardConstructorInitialization" classname="test.Milestone1PublicTests" time="10.011">
      <error>java.lang.Exception: test timed out after 10000 milliseconds&#13;
	at model.card.Deck.handleString(Deck.java:36)&#13;
	at model.card.Deck.loadCardPool(Deck.java:113)&#13;
	at engine.Game.&lt;init&gt;(Game.java:49)&#13;
	at sun.reflect.NativeConstructorAccessorImpl.newInstance0(Native Method)&#13;
	at sun.reflect.NativeConstructorAccessorImpl.newInstance(NativeConstructorAccessorImpl.java:62)&#13;
	at sun.reflect.DelegatingConstructorAccessorImpl.newInstance(DelegatingConstructorAccessorImpl.java:45)&#13;
	at java.lang.reflect.Constructor.newInstance(Constructor.java:408)&#13;
	at test.Milestone1PublicTests.testKingCardConstructorInitialization(Milestone1PublicTests.java:2324)&#13;
	at sun.reflect.NativeMethodAccessorImpl.invoke0(Native Method)&#13;
	at sun.reflect.NativeMethodAccessorImpl.invoke(NativeMethodAccessorImpl.java:62)&#13;
	at sun.reflect.DelegatingMethodAccessorImpl.invoke(DelegatingMethodAccessorImpl.java:43)&#13;
	at java.lang.reflect.Method.invoke(Method.java:483)&#13;
	at org.junit.runners.model.FrameworkMethod$1.runReflectiveCall(FrameworkMethod.java:47)&#13;
	at org.junit.internal.runners.model.ReflectiveCallable.run(ReflectiveCallable.java:12)&#13;
	at org.junit.runners.model.FrameworkMethod.invokeExplosively(FrameworkMethod.java:44)&#13;
	at org.junit.internal.runners.statements.InvokeMethod.evaluate(InvokeMethod.java:17)&#13;
	at org.junit.internal.runners.statements.FailOnTimeout$StatementThread.run(FailOnTimeout.java:74)&#13;
&#13;
</error>
    </testcase>
    <testcase name="testGetterLogicForDescriptionInClassStandard" classname="test.Milestone1PublicTests" time="0.115">
      <error>java.lang.Exception: test timed out after 100 milliseconds&#13;
	at model.card.Deck.handleString(Deck.java:36)&#13;
	at model.card.Deck.loadCardPool(Deck.java:113)&#13;
	at engine.Game.&lt;init&gt;(Game.java:49)&#13;
	at sun.reflect.NativeConstructorAccessorImpl.newInstance0(Native Method)&#13;
	at sun.reflect.NativeConstructorAccessorImpl.newInstance(NativeConstructorAccessorImpl.java:62)&#13;
	at sun.reflect.DelegatingConstructorAccessorImpl.newInstance(DelegatingConstructorAccessorImpl.java:45)&#13;
	at java.lang.reflect.Constructor.newInstance(Constructor.java:408)&#13;
	at test.Milestone1PublicTests.testGetterLogicForDescriptionInClassStandard(Milestone1PublicTests.java:2642)&#13;
	at sun.reflect.NativeMethodAccessorImpl.invoke0(Native Method)&#13;
	at sun.reflect.NativeMethodAccessorImpl.invoke(NativeMethodAccessorImpl.java:62)&#13;
	at sun.reflect.DelegatingMethodAccessorImpl.invoke(DelegatingMethodAccessorImpl.java:43)&#13;
	at java.lang.reflect.Method.invoke(Method.java:483)&#13;
	at org.junit.runners.model.FrameworkMethod$1.runReflectiveCall(FrameworkMethod.java:47)&#13;
	at org.junit.internal.runners.model.ReflectiveCallable.run(ReflectiveCallable.java:12)&#13;
	at org.junit.runners.model.FrameworkMethod.invokeExplosively(FrameworkMethod.java:44)&#13;
	at org.junit.internal.runners.statements.InvokeMethod.evaluate(InvokeMethod.java:17)&#13;
	at org.junit.internal.runners.statements.FailOnTimeout$StatementThread.run(FailOnTimeout.java:74)&#13;
&#13;
</error>
    </testcase>
    <testcase name="testBoardInstanceVariableTrackGetterLogic" classname="test.Milestone1PublicTests" time="1.008">
      <error>java.lang.Exception: test timed out after 1000 milliseconds&#13;
	at model.card.Deck.handleString(Deck.java:36)&#13;
	at model.card.Deck.loadCardPool(Deck.java:113)&#13;
	at engine.Game.&lt;init&gt;(Game.java:49)&#13;
	at sun.reflect.NativeConstructorAccessorImpl.newInstance0(Native Method)&#13;
	at sun.reflect.NativeConstructorAccessorImpl.newInstance(NativeConstructorAccessorImpl.java:62)&#13;
	at sun.reflect.DelegatingConstructorAccessorImpl.newInstance(DelegatingConstructorAccessorImpl.java:45)&#13;
	at java.lang.reflect.Constructor.newInstance(Constructor.java:408)&#13;
	at test.Milestone1PublicTests.testBoardInstanceVariableTrackGetterLogic(Milestone1PublicTests.java:3388)&#13;
	at sun.reflect.NativeMethodAccessorImpl.invoke0(Native Method)&#13;
	at sun.reflect.NativeMethodAccessorImpl.invoke(NativeMethodAccessorImpl.java:62)&#13;
	at sun.reflect.DelegatingMethodAccessorImpl.invoke(DelegatingMethodAccessorImpl.java:43)&#13;
	at java.lang.reflect.Method.invoke(Method.java:483)&#13;
	at org.junit.runners.model.FrameworkMethod$1.runReflectiveCall(FrameworkMethod.java:47)&#13;
	at org.junit.internal.runners.model.ReflectiveCallable.run(ReflectiveCallable.java:12)&#13;
	at org.junit.runners.model.FrameworkMethod.invokeExplosively(FrameworkMethod.java:44)&#13;
	at org.junit.internal.runners.statements.InvokeMethod.evaluate(InvokeMethod.java:17)&#13;
	at org.junit.internal.runners.statements.FailOnTimeout$StatementThread.run(FailOnTimeout.java:74)&#13;
&#13;
</error>
    </testcase>
    <testcase name="testConstructorSevenExists" classname="test.Milestone1PublicTests" time="0.002"/>
    <testcase name="testColourEnumValues" classname="test.Milestone1PublicTests" time="0.001"/>
    <testcase name="testBoardConstructorInitializationSplittingDisctanceCorrect" classname="test.Milestone1PublicTests" time="1.001">
      <error>java.lang.Exception: test timed out after 1000 milliseconds&#13;
	at test.Milestone1PublicTests.testBoardConstructorInitializationSplittingDisctanceCorrect(Milestone1PublicTests.java:3541)&#13;
	at sun.reflect.NativeMethodAccessorImpl.invoke0(Native Method)&#13;
	at sun.reflect.NativeMethodAccessorImpl.invoke(NativeMethodAccessorImpl.java:62)&#13;
	at sun.reflect.DelegatingMethodAccessorImpl.invoke(DelegatingMethodAccessorImpl.java:43)&#13;
	at java.lang.reflect.Method.invoke(Method.java:483)&#13;
	at org.junit.runners.model.FrameworkMethod$1.runReflectiveCall(FrameworkMethod.java:47)&#13;
	at org.junit.internal.runners.model.ReflectiveCallable.run(ReflectiveCallable.java:12)&#13;
	at org.junit.runners.model.FrameworkMethod.invokeExplosively(FrameworkMethod.java:44)&#13;
	at org.junit.internal.runners.statements.InvokeMethod.evaluate(InvokeMethod.java:17)&#13;
	at org.junit.internal.runners.statements.FailOnTimeout$StatementThread.run(FailOnTimeout.java:74)&#13;
&#13;
</error>
    </testcase>
    <testcase name="testInvalidCardExceptionConstructorInitialization" classname="test.Milestone1PublicTests" time="0.0"/>
    <testcase name="testDrawCardsInDeckShufflesCards" classname="test.Milestone1PublicTests" time="1.01">
      <error>java.lang.Exception: test timed out after 1000 milliseconds&#13;
	at model.card.Deck.handleString(Deck.java:36)&#13;
	at model.card.Deck.loadCardPool(Deck.java:113)&#13;
	at engine.Game.&lt;init&gt;(Game.java:49)&#13;
	at sun.reflect.NativeConstructorAccessorImpl.newInstance0(Native Method)&#13;
	at sun.reflect.NativeConstructorAccessorImpl.newInstance(NativeConstructorAccessorImpl.java:62)&#13;
	at sun.reflect.DelegatingConstructorAccessorImpl.newInstance(DelegatingConstructorAccessorImpl.java:45)&#13;
	at java.lang.reflect.Constructor.newInstance(Constructor.java:408)&#13;
	at test.Milestone1PublicTests.createGame(Milestone1PublicTests.java:4187)&#13;
	at test.Milestone1PublicTests.testDrawCardsInDeckShufflesCards(Milestone1PublicTests.java:1855)&#13;
	at sun.reflect.NativeMethodAccessorImpl.invoke0(Native Method)&#13;
	at sun.reflect.NativeMethodAccessorImpl.invoke(NativeMethodAccessorImpl.java:62)&#13;
	at sun.reflect.DelegatingMethodAccessorImpl.invoke(DelegatingMethodAccessorImpl.java:43)&#13;
	at java.lang.reflect.Method.invoke(Method.java:483)&#13;
	at org.junit.runners.model.FrameworkMethod$1.runReflectiveCall(FrameworkMethod.java:47)&#13;
	at org.junit.internal.runners.model.ReflectiveCallable.run(ReflectiveCallable.java:12)&#13;
	at org.junit.runners.model.FrameworkMethod.invokeExplosively(FrameworkMethod.java:44)&#13;
	at org.junit.internal.runners.statements.InvokeMethod.evaluate(InvokeMethod.java:17)&#13;
	at org.junit.internal.runners.statements.FailOnTimeout$StatementThread.run(FailOnTimeout.java:74)&#13;
&#13;
</error>
    </testcase>
    <testcase name="testCellInstanceVariableCellTypeIsPrivate" classname="test.Milestone1PublicTests" time="0.0"/>
    <testcase name="testPlayerInstanceVariableNameGetterLogic" classname="test.Milestone1PublicTests" time="0.0"/>
    <testcase name="testDrawCardsInDeckReturnsFourCards" classname="test.Milestone1PublicTests" time="1.003">
      <error>java.lang.Exception: test timed out after 1000 milliseconds&#13;
	at model.card.Deck.handleString(Deck.java:36)&#13;
	at model.card.Deck.loadCardPool(Deck.java:113)&#13;
	at engine.Game.&lt;init&gt;(Game.java:49)&#13;
	at sun.reflect.NativeConstructorAccessorImpl.newInstance0(Native Method)&#13;
	at sun.reflect.NativeConstructorAccessorImpl.newInstance(NativeConstructorAccessorImpl.java:62)&#13;
	at sun.reflect.DelegatingConstructorAccessorImpl.newInstance(DelegatingConstructorAccessorImpl.java:45)&#13;
	at java.lang.reflect.Constructor.newInstance(Constructor.java:408)&#13;
	at test.Milestone1PublicTests.createGame(Milestone1PublicTests.java:4187)&#13;
	at test.Milestone1PublicTests.testDrawCardsInDeckReturnsFourCards(Milestone1PublicTests.java:1752)&#13;
	at sun.reflect.NativeMethodAccessorImpl.invoke0(Native Method)&#13;
	at sun.reflect.NativeMethodAccessorImpl.invoke(NativeMethodAccessorImpl.java:62)&#13;
	at sun.reflect.DelegatingMethodAccessorImpl.invoke(DelegatingMethodAccessorImpl.java:43)&#13;
	at java.lang.reflect.Method.invoke(Method.java:483)&#13;
	at org.junit.runners.model.FrameworkMethod$1.runReflectiveCall(FrameworkMethod.java:47)&#13;
	at org.junit.internal.runners.model.ReflectiveCallable.run(ReflectiveCallable.java:12)&#13;
	at org.junit.runners.model.FrameworkMethod.invokeExplosively(FrameworkMethod.java:44)&#13;
	at org.junit.internal.runners.statements.InvokeMethod.evaluate(InvokeMethod.java:17)&#13;
	at org.junit.internal.runners.statements.FailOnTimeout$StatementThread.run(FailOnTimeout.java:74)&#13;
&#13;
</error>
    </testcase>
    <testcase name="testMarbleConstructorInitialization" classname="test.Milestone1PublicTests" time="0.004"/>
    <testcase name="testMarbleInstanceVariableColourIsPrivate" classname="test.Milestone1PublicTests" time="0.001"/>
    <testcase name="testCardsPoolInDeckOfType" classname="test.Milestone1PublicTests" time="0.002"/>
    <testcase name="testCardsFileInDeckIsStatic" classname="test.Milestone1PublicTests" time="0.002"/>
    <testcase name="testSafeZoneConstructorInitializationColour" classname="test.Milestone1PublicTests" time="0.003"/>
    <testcase name="testGameInstanceVariableFirePitGetterLogic" classname="test.Milestone1PublicTests" time="1.013">
      <error>java.lang.Exception: test timed out after 1000 milliseconds&#13;
	at model.card.Deck.handleString(Deck.java:36)&#13;
	at model.card.Deck.loadCardPool(Deck.java:113)&#13;
	at engine.Game.&lt;init&gt;(Game.java:49)&#13;
	at sun.reflect.NativeConstructorAccessorImpl.newInstance0(Native Method)&#13;
	at sun.reflect.NativeConstructorAccessorImpl.newInstance(NativeConstructorAccessorImpl.java:62)&#13;
	at sun.reflect.DelegatingConstructorAccessorImpl.newInstance(DelegatingConstructorAccessorImpl.java:45)&#13;
	at java.lang.reflect.Constructor.newInstance(Constructor.java:408)&#13;
	at test.Milestone1PublicTests.testGameInstanceVariableFirePitGetterLogic(Milestone1PublicTests.java:684)&#13;
	at sun.reflect.NativeMethodAccessorImpl.invoke0(Native Method)&#13;
	at sun.reflect.NativeMethodAccessorImpl.invoke(NativeMethodAccessorImpl.java:62)&#13;
	at sun.reflect.DelegatingMethodAccessorImpl.invoke(DelegatingMethodAccessorImpl.java:43)&#13;
	at java.lang.reflect.Method.invoke(Method.java:483)&#13;
	at org.junit.runners.model.FrameworkMethod$1.runReflectiveCall(FrameworkMethod.java:47)&#13;
	at org.junit.internal.runners.model.ReflectiveCallable.run(ReflectiveCallable.java:12)&#13;
	at org.junit.runners.model.FrameworkMethod.invokeExplosively(FrameworkMethod.java:44)&#13;
	at org.junit.internal.runners.statements.InvokeMethod.evaluate(InvokeMethod.java:17)&#13;
	at org.junit.internal.runners.statements.FailOnTimeout$StatementThread.run(FailOnTimeout.java:74)&#13;
&#13;
</error>
    </testcase>
    <testcase name="testBoardInstanceVariableSplitDistanceOfTypeInt" classname="test.Milestone1PublicTests" time="0.0"/>
    <testcase name="testSafeZoneInstanceVariableColourNoSetter" classname="test.Milestone1PublicTests" time="0.004"/>
    <testcase name="testConstructorJackExists" classname="test.Milestone1PublicTests" time="0.003"/>
    <testcase name="testConstructorSaver" classname="test.Milestone1PublicTests" time="0.001"/>
    <testcase name="testSaverCardExists" classname="test.Milestone1PublicTests" time="0.007"/>
    <testcase name="testGameConstructorInitializationFirePit" classname="test.Milestone1PublicTests" time="10.012">
      <error>java.lang.Exception: test timed out after 10000 milliseconds&#13;
	at model.card.Deck.handleString(Deck.java:36)&#13;
	at model.card.Deck.loadCardPool(Deck.java:113)&#13;
	at engine.Game.&lt;init&gt;(Game.java:49)&#13;
	at sun.reflect.NativeConstructorAccessorImpl.newInstance0(Native Method)&#13;
	at sun.reflect.NativeConstructorAccessorImpl.newInstance(NativeConstructorAccessorImpl.java:62)&#13;
	at sun.reflect.DelegatingConstructorAccessorImpl.newInstance(DelegatingConstructorAccessorImpl.java:45)&#13;
	at java.lang.reflect.Constructor.newInstance(Constructor.java:408)&#13;
	at test.Milestone1PublicTests.testGameConstructorInitializationFirePit(Milestone1PublicTests.java:762)&#13;
	at sun.reflect.NativeMethodAccessorImpl.invoke0(Native Method)&#13;
	at sun.reflect.NativeMethodAccessorImpl.invoke(NativeMethodAccessorImpl.java:62)&#13;
	at sun.reflect.DelegatingMethodAccessorImpl.invoke(DelegatingMethodAccessorImpl.java:43)&#13;
	at java.lang.reflect.Method.invoke(Method.java:483)&#13;
	at org.junit.runners.model.FrameworkMethod$1.runReflectiveCall(FrameworkMethod.java:47)&#13;
	at org.junit.internal.runners.model.ReflectiveCallable.run(ReflectiveCallable.java:12)&#13;
	at org.junit.runners.model.FrameworkMethod.invokeExplosively(FrameworkMethod.java:44)&#13;
	at org.junit.internal.runners.statements.InvokeMethod.evaluate(InvokeMethod.java:17)&#13;
	at org.junit.internal.runners.statements.FailOnTimeout$StatementThread.run(FailOnTimeout.java:74)&#13;
&#13;
</error>
    </testcase>
    <testcase name="testGameClassImplementsGameManagerInterface" classname="test.Milestone1PublicTests" time="0.0"/>
    <testcase name="testPlayerInstanceVariableHandGetterExists" classname="test.Milestone1PublicTests" time="0.0"/>
    <testcase name="testCardInstanceVariableNameisFinal" classname="test.Milestone1PublicTests" time="0.107">
      <error>java.lang.Exception: test timed out after 100 milliseconds&#13;
	at org.junit.Assert.fail(Assert.java:88)&#13;
	at org.junit.Assert.assertTrue(Assert.java:41)&#13;
	at test.Milestone1PublicTests.testCardInstanceVariableNameisFinal(Milestone1PublicTests.java:2550)&#13;
	at sun.reflect.NativeMethodAccessorImpl.invoke0(Native Method)&#13;
	at sun.reflect.NativeMethodAccessorImpl.invoke(NativeMethodAccessorImpl.java:62)&#13;
	at sun.reflect.DelegatingMethodAccessorImpl.invoke(DelegatingMethodAccessorImpl.java:43)&#13;
	at java.lang.reflect.Method.invoke(Method.java:483)&#13;
	at org.junit.runners.model.FrameworkMethod$1.runReflectiveCall(FrameworkMethod.java:47)&#13;
	at org.junit.internal.runners.model.ReflectiveCallable.run(ReflectiveCallable.java:12)&#13;
	at org.junit.runners.model.FrameworkMethod.invokeExplosively(FrameworkMethod.java:44)&#13;
	at org.junit.internal.runners.statements.InvokeMethod.evaluate(InvokeMethod.java:17)&#13;
	at org.junit.internal.runners.statements.FailOnTimeout$StatementThread.run(FailOnTimeout.java:74)&#13;
&#13;
</error>
    </testcase>
    <testcase name="testClassIsSubclassGameException" classname="test.Milestone1PublicTests" time="0.0"/>
    <testcase name="testLoadCardPoolInDeckisStatic" classname="test.Milestone1PublicTests" time="0.0"/>
    <testcase name="testGameInstanceVariablePlayersIsFinal" classname="test.Milestone1PublicTests" time="0.0"/>
    <testcase name="testConstructorCannotFieldException" classname="test.Milestone1PublicTests" time="0.004"/>
    <testcase name="testCardInstanceVariableSuitiFinal" classname="test.Milestone1PublicTests" time="0.106">
      <error>java.lang.Exception: test timed out after 100 milliseconds&#13;
	at org.junit.Assert.fail(Assert.java:88)&#13;
	at org.junit.Assert.assertTrue(Assert.java:41)&#13;
	at test.Milestone1PublicTests.testCardInstanceVariableSuitiFinal(Milestone1PublicTests.java:2564)&#13;
	at sun.reflect.NativeMethodAccessorImpl.invoke0(Native Method)&#13;
	at sun.reflect.NativeMethodAccessorImpl.invoke(NativeMethodAccessorImpl.java:62)&#13;
	at sun.reflect.DelegatingMethodAccessorImpl.invoke(DelegatingMethodAccessorImpl.java:43)&#13;
	at java.lang.reflect.Method.invoke(Method.java:483)&#13;
	at org.junit.runners.model.FrameworkMethod$1.runReflectiveCall(FrameworkMethod.java:47)&#13;
	at org.junit.internal.runners.model.ReflectiveCallable.run(ReflectiveCallable.java:12)&#13;
	at org.junit.runners.model.FrameworkMethod.invokeExplosively(FrameworkMethod.java:44)&#13;
	at org.junit.internal.runners.statements.InvokeMethod.evaluate(InvokeMethod.java:17)&#13;
	at org.junit.internal.runners.statements.FailOnTimeout$StatementThread.run(FailOnTimeout.java:74)&#13;
&#13;
</error>
    </testcase>
    <testcase name="testColourValues" classname="test.Milestone1PublicTests" time="0.001"/>
    <testcase name="testLoadCardPoolInDeckReadingCSVLoadingStandardCards1Rank" classname="test.Milestone1PublicTests" time="0.003">
      <error>java.io.FileNotFoundException: Cards.csv (The process cannot access the file because it is being used by another process)&#13;
	at java.io.FileOutputStream.open(Native Method)&#13;
	at java.io.FileOutputStream.&lt;init&gt;(FileOutputStream.java:213)&#13;
	at java.io.FileOutputStream.&lt;init&gt;(FileOutputStream.java:101)&#13;
	at java.io.PrintWriter.&lt;init&gt;(PrintWriter.java:184)&#13;
	at test.Milestone1PublicTests.reWriteCardsCSVForLoadCards(Milestone1PublicTests.java:4359)&#13;
	at test.Milestone1PublicTests.testLoadCardPoolInDeckReadingCSVLoadingStandardCards1Rank(Milestone1PublicTests.java:1647)&#13;
	at sun.reflect.NativeMethodAccessorImpl.invoke0(Native Method)&#13;
	at sun.reflect.NativeMethodAccessorImpl.invoke(NativeMethodAccessorImpl.java:62)&#13;
	at sun.reflect.DelegatingMethodAccessorImpl.invoke(DelegatingMethodAccessorImpl.java:43)&#13;
	at java.lang.reflect.Method.invoke(Method.java:483)&#13;
	at org.junit.runners.model.FrameworkMethod$1.runReflectiveCall(FrameworkMethod.java:47)&#13;
	at org.junit.internal.runners.model.ReflectiveCallable.run(ReflectiveCallable.java:12)&#13;
	at org.junit.runners.model.FrameworkMethod.invokeExplosively(FrameworkMethod.java:44)&#13;
	at org.junit.internal.runners.statements.InvokeMethod.evaluate(InvokeMethod.java:17)&#13;
	at org.junit.internal.runners.statements.FailOnTimeout$StatementThread.run(FailOnTimeout.java:74)&#13;
&#13;
</error>
    </testcase>
    <testcase name="testTestingfiveIsSubClassOfStandrad" classname="test.Milestone1PublicTests" time="0.002"/>
    <testcase name="testEmptyConstructorIllegalDestroyException" classname="test.Milestone1PublicTests" time="0.0"/>
    <testcase name="testSafeZoneInstanceVariableCellsNoSetter" classname="test.Milestone1PublicTests" time="0.003"/>
    <testcase name="testPlayerInstanceVariableMarblesGetterExists" classname="test.Milestone1PublicTests" time="0.0"/>
    <testcase name="testQueenCardConstructorInitialization" classname="test.Milestone1PublicTests" time="10.003">
      <error>java.lang.Exception: test timed out after 10000 milliseconds&#13;
	at model.card.Deck.handleString(Deck.java:36)&#13;
	at model.card.Deck.loadCardPool(Deck.java:113)&#13;
	at engine.Game.&lt;init&gt;(Game.java:49)&#13;
	at sun.reflect.NativeConstructorAccessorImpl.newInstance0(Native Method)&#13;
	at sun.reflect.NativeConstructorAccessorImpl.newInstance(NativeConstructorAccessorImpl.java:62)&#13;
	at sun.reflect.DelegatingConstructorAccessorImpl.newInstance(DelegatingConstructorAccessorImpl.java:45)&#13;
	at java.lang.reflect.Constructor.newInstance(Constructor.java:408)&#13;
	at test.Milestone1PublicTests.testQueenCardConstructorInitialization(Milestone1PublicTests.java:2362)&#13;
	at sun.reflect.NativeMethodAccessorImpl.invoke0(Native Method)&#13;
	at sun.reflect.NativeMethodAccessorImpl.invoke(NativeMethodAccessorImpl.java:62)&#13;
	at sun.reflect.DelegatingMethodAccessorImpl.invoke(DelegatingMethodAccessorImpl.java:43)&#13;
	at java.lang.reflect.Method.invoke(Method.java:483)&#13;
	at org.junit.runners.model.FrameworkMethod$1.runReflectiveCall(FrameworkMethod.java:47)&#13;
	at org.junit.internal.runners.model.ReflectiveCallable.run(ReflectiveCallable.java:12)&#13;
	at org.junit.runners.model.FrameworkMethod.invokeExplosively(FrameworkMethod.java:44)&#13;
	at org.junit.internal.runners.statements.InvokeMethod.evaluate(InvokeMethod.java:17)&#13;
	at org.junit.internal.runners.statements.FailOnTimeout$StatementThread.run(FailOnTimeout.java:74)&#13;
&#13;
</error>
    </testcase>
    <testcase name="testGameInstanceVariableTurnIsPrivate" classname="test.Milestone1PublicTests" time="0.0"/>
    <testcase name="testEmptyConstructorActionException" classname="test.Milestone1PublicTests" time="0.0"/>
    <testcase name="testSetterForInstanceVariableRankDoesNotExistInAnyClass" classname="test.Milestone1PublicTests" time="0.002"/>
    <testcase name="testSafeZoneInstanceVariableColourGetterLogic" classname="test.Milestone1PublicTests" time="0.001"/>
    <testcase name="testCannotDiscardExceptionConstructorInitialization" classname="test.Milestone1PublicTests" time="0.001"/>
    <testcase name="testCardInstanceVariableDescriptionisFinal" classname="test.Milestone1PublicTests" time="0.101">
      <error>java.lang.Exception: test timed out after 100 milliseconds&#13;
	at org.junit.Assert.fail(Assert.java:88)&#13;
	at org.junit.Assert.assertTrue(Assert.java:41)&#13;
	at test.Milestone1PublicTests.testCardInstanceVariableDescriptionisFinal(Milestone1PublicTests.java:2556)&#13;
	at sun.reflect.NativeMethodAccessorImpl.invoke0(Native Method)&#13;
	at sun.reflect.NativeMethodAccessorImpl.invoke(NativeMethodAccessorImpl.java:62)&#13;
	at sun.reflect.DelegatingMethodAccessorImpl.invoke(DelegatingMethodAccessorImpl.java:43)&#13;
	at java.lang.reflect.Method.invoke(Method.java:483)&#13;
	at org.junit.runners.model.FrameworkMethod$1.runReflectiveCall(FrameworkMethod.java:47)&#13;
	at org.junit.internal.runners.model.ReflectiveCallable.run(ReflectiveCallable.java:12)&#13;
	at org.junit.runners.model.FrameworkMethod.invokeExplosively(FrameworkMethod.java:44)&#13;
	at org.junit.internal.runners.statements.InvokeMethod.evaluate(InvokeMethod.java:17)&#13;
	at org.junit.internal.runners.statements.FailOnTimeout$StatementThread.run(FailOnTimeout.java:74)&#13;
&#13;
</error>
    </testcase>
    <testcase name="testSaverIsSubClassOfWild" classname="test.Milestone1PublicTests" time="0.003"/>
    <testcase name="testConstructorAceExists" classname="test.Milestone1PublicTests" time="0.0"/>
    <testcase name="testTrapInCellSetterLogic" classname="test.Milestone1PublicTests" time="0.002"/>
    <testcase name="testWildCardIsAnAbstractClass" classname="test.Milestone1PublicTests" time="0.0"/>
    <testcase name="testSafeZoneInstanceVariableCellsIsPrivate" classname="test.Milestone1PublicTests" time="0.002"/>
    <testcase name="testCellInstanceVariableTrapIsPrivate" classname="test.Milestone1PublicTests" time="0.0"/>
    <testcase name="testGetterLogicForSuiteInClassStandard" classname="test.Milestone1PublicTests" time="0.106">
      <error>java.lang.Exception: test timed out after 100 milliseconds&#13;
	at model.card.Deck.handleString(Deck.java:36)&#13;
	at model.card.Deck.loadCardPool(Deck.java:113)&#13;
	at engine.Game.&lt;init&gt;(Game.java:49)&#13;
	at sun.reflect.NativeConstructorAccessorImpl.newInstance0(Native Method)&#13;
	at sun.reflect.NativeConstructorAccessorImpl.newInstance(NativeConstructorAccessorImpl.java:62)&#13;
	at sun.reflect.DelegatingConstructorAccessorImpl.newInstance(DelegatingConstructorAccessorImpl.java:45)&#13;
	at java.lang.reflect.Constructor.newInstance(Constructor.java:408)&#13;
	at test.Milestone1PublicTests.testGetterLogicForSuiteInClassStandard(Milestone1PublicTests.java:2688)&#13;
	at sun.reflect.NativeMethodAccessorImpl.invoke0(Native Method)&#13;
	at sun.reflect.NativeMethodAccessorImpl.invoke(NativeMethodAccessorImpl.java:62)&#13;
	at sun.reflect.DelegatingMethodAccessorImpl.invoke(DelegatingMethodAccessorImpl.java:43)&#13;
	at java.lang.reflect.Method.invoke(Method.java:483)&#13;
	at org.junit.runners.model.FrameworkMethod$1.runReflectiveCall(FrameworkMethod.java:47)&#13;
	at org.junit.internal.runners.model.ReflectiveCallable.run(ReflectiveCallable.java:12)&#13;
	at org.junit.runners.model.FrameworkMethod.invokeExplosively(FrameworkMethod.java:44)&#13;
	at org.junit.internal.runners.statements.InvokeMethod.evaluate(InvokeMethod.java:17)&#13;
	at org.junit.internal.runners.statements.FailOnTimeout$StatementThread.run(FailOnTimeout.java:74)&#13;
&#13;
</error>
    </testcase>
    <testcase name="testFiveCardConstructorInitialization" classname="test.Milestone1PublicTests" time="10.004">
      <error>java.lang.Exception: test timed out after 10000 milliseconds&#13;
	at model.card.Deck.handleString(Deck.java:36)&#13;
	at model.card.Deck.loadCardPool(Deck.java:113)&#13;
	at engine.Game.&lt;init&gt;(Game.java:49)&#13;
	at sun.reflect.NativeConstructorAccessorImpl.newInstance0(Native Method)&#13;
	at sun.reflect.NativeConstructorAccessorImpl.newInstance(NativeConstructorAccessorImpl.java:62)&#13;
	at sun.reflect.DelegatingConstructorAccessorImpl.newInstance(DelegatingConstructorAccessorImpl.java:45)&#13;
	at java.lang.reflect.Constructor.newInstance(Constructor.java:408)&#13;
	at test.Milestone1PublicTests.testFiveCardConstructorInitialization(Milestone1PublicTests.java:2476)&#13;
	at sun.reflect.NativeMethodAccessorImpl.invoke0(Native Method)&#13;
	at sun.reflect.NativeMethodAccessorImpl.invoke(NativeMethodAccessorImpl.java:62)&#13;
	at sun.reflect.DelegatingMethodAccessorImpl.invoke(DelegatingMethodAccessorImpl.java:43)&#13;
	at java.lang.reflect.Method.invoke(Method.java:483)&#13;
	at org.junit.runners.model.FrameworkMethod$1.runReflectiveCall(FrameworkMethod.java:47)&#13;
	at org.junit.internal.runners.model.ReflectiveCallable.run(ReflectiveCallable.java:12)&#13;
	at org.junit.runners.model.FrameworkMethod.invokeExplosively(FrameworkMethod.java:44)&#13;
	at org.junit.internal.runners.statements.InvokeMethod.evaluate(InvokeMethod.java:17)&#13;
	at org.junit.internal.runners.statements.FailOnTimeout$StatementThread.run(FailOnTimeout.java:74)&#13;
&#13;
</error>
    </testcase>
    <testcase name="testClassIsSubclassActionException" classname="test.Milestone1PublicTests" time="0.0"/>
    <testcase name="testConstructorBurner" classname="test.Milestone1PublicTests" time="0.003"/>
    <testcase name="testSafeZoneConstructorInitializationCells" classname="test.Milestone1PublicTests" time="0.003"/>
    <testcase name="testCellTypeInCellSetterExists" classname="test.Milestone1PublicTests" time="0.001"/>
    <testcase name="testEmptyConstructorSplitOutOfRangeException" classname="test.Milestone1PublicTests" time="0.105">
      <error>java.lang.Exception: test timed out after 100 milliseconds&#13;
	at org.junit.Assert.fail(Assert.java:88)&#13;
	at org.junit.Assert.assertTrue(Assert.java:41)&#13;
	at org.junit.Assert.assertFalse(Assert.java:64)&#13;
	at test.Milestone1PublicTests.testConstructorExists(Milestone1PublicTests.java:5223)&#13;
	at test.Milestone1PublicTests.testEmptyConstructorSplitOutOfRangeException(Milestone1PublicTests.java:3818)&#13;
	at sun.reflect.NativeMethodAccessorImpl.invoke0(Native Method)&#13;
	at sun.reflect.NativeMethodAccessorImpl.invoke(NativeMethodAccessorImpl.java:62)&#13;
	at sun.reflect.DelegatingMethodAccessorImpl.invoke(DelegatingMethodAccessorImpl.java:43)&#13;
	at java.lang.reflect.Method.invoke(Method.java:483)&#13;
	at org.junit.runners.model.FrameworkMethod$1.runReflectiveCall(FrameworkMethod.java:47)&#13;
	at org.junit.internal.runners.model.ReflectiveCallable.run(ReflectiveCallable.java:12)&#13;
	at org.junit.runners.model.FrameworkMethod.invokeExplosively(FrameworkMethod.java:44)&#13;
	at org.junit.internal.runners.statements.InvokeMethod.evaluate(InvokeMethod.java:17)&#13;
	at org.junit.internal.runners.statements.FailOnTimeout$StatementThread.run(FailOnTimeout.java:74)&#13;
&#13;
</error>
    </testcase>
    <testcase name="testMarbleInstanceVariableColourIsFinal" classname="test.Milestone1PublicTests" time="0.001"/>
    <testcase name="testGameInstanceVariableCurrentPlayerIndexNoSetter" classname="test.Milestone1PublicTests" time="0.107">
      <failure>java.lang.AssertionError: The "currentPlayerIndex" instance variable in class Game is not a WRITE variable.&#13;
	at org.junit.Assert.fail(Assert.java:88)&#13;
	at org.junit.Assert.assertTrue(Assert.java:41)&#13;
	at org.junit.Assert.assertFalse(Assert.java:64)&#13;
	at test.Milestone1PublicTests.testSetterMethodExistsInClass(Milestone1PublicTests.java:5130)&#13;
	at test.Milestone1PublicTests.testGameInstanceVariableCurrentPlayerIndexNoSetter(Milestone1PublicTests.java:728)&#13;
	at sun.reflect.NativeMethodAccessorImpl.invoke0(Native Method)&#13;
	at sun.reflect.NativeMethodAccessorImpl.invoke(NativeMethodAccessorImpl.java:62)&#13;
	at sun.reflect.DelegatingMethodAccessorImpl.invoke(DelegatingMethodAccessorImpl.java:43)&#13;
	at java.lang.reflect.Method.invoke(Method.java:483)&#13;
	at org.junit.runners.model.FrameworkMethod$1.runReflectiveCall(FrameworkMethod.java:47)&#13;
	at org.junit.internal.runners.model.ReflectiveCallable.run(ReflectiveCallable.java:12)&#13;
	at org.junit.runners.model.FrameworkMethod.invokeExplosively(FrameworkMethod.java:44)&#13;
	at org.junit.internal.runners.statements.InvokeMethod.evaluate(InvokeMethod.java:17)&#13;
	at org.junit.internal.runners.statements.FailOnTimeout$StatementThread.run(FailOnTimeout.java:74)&#13;
&#13;
</failure>
    </testcase>
    <testcase name="testBoardConstructorInitializationGameManagerCorrect" classname="test.Milestone1PublicTests" time="1.01">
      <error>java.lang.Exception: test timed out after 1000 milliseconds&#13;
	at model.card.Deck.handleString(Deck.java:36)&#13;
	at model.card.Deck.loadCardPool(Deck.java:113)&#13;
	at engine.Game.&lt;init&gt;(Game.java:49)&#13;
	at sun.reflect.NativeConstructorAccessorImpl.newInstance0(Native Method)&#13;
	at sun.reflect.NativeConstructorAccessorImpl.newInstance(NativeConstructorAccessorImpl.java:62)&#13;
	at sun.reflect.DelegatingConstructorAccessorImpl.newInstance(DelegatingConstructorAccessorImpl.java:45)&#13;
	at java.lang.reflect.Constructor.newInstance(Constructor.java:408)&#13;
	at test.Milestone1PublicTests.testBoardConstructorInitializationGameManagerCorrect(Milestone1PublicTests.java:3567)&#13;
	at sun.reflect.NativeMethodAccessorImpl.invoke0(Native Method)&#13;
	at sun.reflect.NativeMethodAccessorImpl.invoke(NativeMethodAccessorImpl.java:62)&#13;
	at sun.reflect.DelegatingMethodAccessorImpl.invoke(DelegatingMethodAccessorImpl.java:43)&#13;
	at java.lang.reflect.Method.invoke(Method.java:483)&#13;
	at org.junit.runners.model.FrameworkMethod$1.runReflectiveCall(FrameworkMethod.java:47)&#13;
	at org.junit.internal.runners.model.ReflectiveCallable.run(ReflectiveCallable.java:12)&#13;
	at org.junit.runners.model.FrameworkMethod.invokeExplosively(FrameworkMethod.java:44)&#13;
	at org.junit.internal.runners.statements.InvokeMethod.evaluate(InvokeMethod.java:17)&#13;
	at org.junit.internal.runners.statements.FailOnTimeout$StatementThread.run(FailOnTimeout.java:74)&#13;
&#13;
</error>
    </testcase>
    <testcase name="testLoadCardPoolInDeckThrowsIOException" classname="test.Milestone1PublicTests" time="0.0"/>
    <testcase name="testGameInstanceVariableBoardIsPrivate" classname="test.Milestone1PublicTests" time="0.107">
      <failure>java.lang.AssertionError: The "board" instance variable in class Game should not be accessed outside that class.&#13;
	at org.junit.Assert.fail(Assert.java:88)&#13;
	at org.junit.Assert.assertTrue(Assert.java:41)&#13;
	at test.Milestone1PublicTests.testInstanceVariableIsPrivate(Milestone1PublicTests.java:5004)&#13;
	at test.Milestone1PublicTests.testGameInstanceVariableBoardIsPrivate(Milestone1PublicTests.java:545)&#13;
	at sun.reflect.NativeMethodAccessorImpl.invoke0(Native Method)&#13;
	at sun.reflect.NativeMethodAccessorImpl.invoke(NativeMethodAccessorImpl.java:62)&#13;
	at sun.reflect.DelegatingMethodAccessorImpl.invoke(DelegatingMethodAccessorImpl.java:43)&#13;
	at java.lang.reflect.Method.invoke(Method.java:483)&#13;
	at org.junit.runners.model.FrameworkMethod$1.runReflectiveCall(FrameworkMethod.java:47)&#13;
	at org.junit.internal.runners.model.ReflectiveCallable.run(ReflectiveCallable.java:12)&#13;
	at org.junit.runners.model.FrameworkMethod.invokeExplosively(FrameworkMethod.java:44)&#13;
	at org.junit.internal.runners.statements.InvokeMethod.evaluate(InvokeMethod.java:17)&#13;
	at org.junit.internal.runners.statements.FailOnTimeout$StatementThread.run(FailOnTimeout.java:74)&#13;
&#13;
</failure>
    </testcase>
    <testcase name="testPlayerInstanceVariableColourSetterIsAbsent" classname="test.Milestone1PublicTests" time="0.0"/>
    <testcase name="testGameConstructorInitializationPlayersColours" classname="test.Milestone1PublicTests" time="10.009">
      <error>java.lang.Exception: test timed out after 10000 milliseconds&#13;
	at model.card.Deck.handleString(Deck.java:29)&#13;
	at model.card.Deck.loadCardPool(Unknown Source)&#13;
	at engine.Game.&lt;init&gt;(Game.java:49)&#13;
	at sun.reflect.NativeConstructorAccessorImpl.newInstance0(Native Method)&#13;
	at sun.reflect.NativeConstructorAccessorImpl.newInstance(NativeConstructorAccessorImpl.java:62)&#13;
	at sun.reflect.DelegatingConstructorAccessorImpl.newInstance(DelegatingConstructorAccessorImpl.java:45)&#13;
	at java.lang.reflect.Constructor.newInstance(Constructor.java:408)&#13;
	at test.Milestone1PublicTests.testGameConstructorInitializationPlayersColours(Milestone1PublicTests.java:1913)&#13;
	at sun.reflect.NativeMethodAccessorImpl.invoke0(Native Method)&#13;
	at sun.reflect.NativeMethodAccessorImpl.invoke(NativeMethodAccessorImpl.java:62)&#13;
	at sun.reflect.DelegatingMethodAccessorImpl.invoke(DelegatingMethodAccessorImpl.java:43)&#13;
	at java.lang.reflect.Method.invoke(Method.java:483)&#13;
	at org.junit.runners.model.FrameworkMethod$1.runReflectiveCall(FrameworkMethod.java:47)&#13;
	at org.junit.internal.runners.model.ReflectiveCallable.run(ReflectiveCallable.java:12)&#13;
	at org.junit.runners.model.FrameworkMethod.invokeExplosively(FrameworkMethod.java:44)&#13;
	at org.junit.internal.runners.statements.InvokeMethod.evaluate(InvokeMethod.java:17)&#13;
	at org.junit.internal.runners.statements.FailOnTimeout$StatementThread.run(FailOnTimeout.java:74)&#13;
&#13;
</error>
    </testcase>
    <testcase name="testBoardInstanceVariableSafeZonesSetterIsAbsent" classname="test.Milestone1PublicTests" time="0.0"/>
    <testcase name="testPlayerConstructorInitializationSelectedMarblesCorrect" classname="test.Milestone1PublicTests" time="0.001"/>
    <testcase name="testAssignTrapIsPrivateInClassBoard" classname="test.Milestone1PublicTests" time="0.0"/>
    <testcase name="testGameConstructorInitializationPlayersNames" classname="test.Milestone1PublicTests" time="10.004">
      <error>java.lang.Exception: test timed out after 10000 milliseconds&#13;
	at model.card.Deck.handleString(Deck.java:45)&#13;
	at model.card.Deck.loadCardPool(Deck.java:113)&#13;
	at engine.Game.&lt;init&gt;(Game.java:49)&#13;
	at sun.reflect.NativeConstructorAccessorImpl.newInstance0(Native Method)&#13;
	at sun.reflect.NativeConstructorAccessorImpl.newInstance(NativeConstructorAccessorImpl.java:62)&#13;
	at sun.reflect.DelegatingConstructorAccessorImpl.newInstance(DelegatingConstructorAccessorImpl.java:45)&#13;
	at java.lang.reflect.Constructor.newInstance(Constructor.java:408)&#13;
	at test.Milestone1PublicTests.testGameConstructorInitializationPlayersNames(Milestone1PublicTests.java:773)&#13;
	at sun.reflect.NativeMethodAccessorImpl.invoke0(Native Method)&#13;
	at sun.reflect.NativeMethodAccessorImpl.invoke(NativeMethodAccessorImpl.java:62)&#13;
	at sun.reflect.DelegatingMethodAccessorImpl.invoke(DelegatingMethodAccessorImpl.java:43)&#13;
	at java.lang.reflect.Method.invoke(Method.java:483)&#13;
	at org.junit.runners.model.FrameworkMethod$1.runReflectiveCall(FrameworkMethod.java:47)&#13;
	at org.junit.internal.runners.model.ReflectiveCallable.run(ReflectiveCallable.java:12)&#13;
	at org.junit.runners.model.FrameworkMethod.invokeExplosively(FrameworkMethod.java:44)&#13;
	at org.junit.internal.runners.statements.InvokeMethod.evaluate(InvokeMethod.java:17)&#13;
	at org.junit.internal.runners.statements.FailOnTimeout$StatementThread.run(FailOnTimeout.java:74)&#13;
&#13;
</error>
    </testcase>
    <testcase name="testPlayerInstanceVariableSelectedCardOfTypeCard" classname="test.Milestone1PublicTests" time="0.0"/>
    <testcase name="testGameInstanceVariableCurrentPlayerIndexIsFinal" classname="test.Milestone1PublicTests" time="0.003"/>
    <testcase name="testBoardInstanceVariableTrackSetterIsAbsent" classname="test.Milestone1PublicTests" time="0.001"/>
    <testcase name="testCardsPoolInDeckGetterIsAbsent" classname="test.Milestone1PublicTests" time="0.0"/>
    <testcase name="testCellConstructorInitialization" classname="test.Milestone1PublicTests" time="0.0"/>
    <testcase name="testCardInstanceVariablBoardManagerIsPresent" classname="test.Milestone1PublicTests" time="0.001"/>
    <testcase name="testGameConstructorInitializationHandPlayers" classname="test.Milestone1PublicTests" time="10.012">
      <error>java.lang.Exception: test timed out after 10000 milliseconds&#13;
	at model.card.Deck.handleString(Deck.java:45)&#13;
	at model.card.Deck.loadCardPool(Deck.java:113)&#13;
	at engine.Game.&lt;init&gt;(Game.java:49)&#13;
	at sun.reflect.NativeConstructorAccessorImpl.newInstance0(Native Method)&#13;
	at sun.reflect.NativeConstructorAccessorImpl.newInstance(NativeConstructorAccessorImpl.java:62)&#13;
	at sun.reflect.DelegatingConstructorAccessorImpl.newInstance(DelegatingConstructorAccessorImpl.java:45)&#13;
	at java.lang.reflect.Constructor.newInstance(Constructor.java:408)&#13;
	at test.Milestone1PublicTests.testGameConstructorInitializationHandPlayers(Milestone1PublicTests.java:1968)&#13;
	at sun.reflect.NativeMethodAccessorImpl.invoke0(Native Method)&#13;
	at sun.reflect.NativeMethodAccessorImpl.invoke(NativeMethodAccessorImpl.java:62)&#13;
	at sun.reflect.DelegatingMethodAccessorImpl.invoke(DelegatingMethodAccessorImpl.java:43)&#13;
	at java.lang.reflect.Method.invoke(Method.java:483)&#13;
	at org.junit.runners.model.FrameworkMethod$1.runReflectiveCall(FrameworkMethod.java:47)&#13;
	at org.junit.internal.runners.model.ReflectiveCallable.run(ReflectiveCallable.java:12)&#13;
	at org.junit.runners.model.FrameworkMethod.invokeExplosively(FrameworkMethod.java:44)&#13;
	at org.junit.internal.runners.statements.InvokeMethod.evaluate(InvokeMethod.java:17)&#13;
	at org.junit.internal.runners.statements.FailOnTimeout$StatementThread.run(FailOnTimeout.java:74)&#13;
&#13;
</error>
    </testcase>
    <testcase name="testTenCardConstructorInitialization" classname="test.Milestone1PublicTests" time="10.006">
      <error>java.lang.Exception: test timed out after 10000 milliseconds&#13;
	at model.card.Deck.handleString(Deck.java:45)&#13;
	at model.card.Deck.loadCardPool(Deck.java:113)&#13;
	at engine.Game.&lt;init&gt;(Game.java:49)&#13;
	at sun.reflect.NativeConstructorAccessorImpl.newInstance0(Native Method)&#13;
	at sun.reflect.NativeConstructorAccessorImpl.newInstance(NativeConstructorAccessorImpl.java:62)&#13;
	at sun.reflect.DelegatingConstructorAccessorImpl.newInstance(DelegatingConstructorAccessorImpl.java:45)&#13;
	at java.lang.reflect.Constructor.newInstance(Constructor.java:408)&#13;
	at test.Milestone1PublicTests.testTenCardConstructorInitialization(Milestone1PublicTests.java:2400)&#13;
	at sun.reflect.NativeMethodAccessorImpl.invoke0(Native Method)&#13;
	at sun.reflect.NativeMethodAccessorImpl.invoke(NativeMethodAccessorImpl.java:62)&#13;
	at sun.reflect.DelegatingMethodAccessorImpl.invoke(DelegatingMethodAccessorImpl.java:43)&#13;
	at java.lang.reflect.Method.invoke(Method.java:483)&#13;
	at org.junit.runners.model.FrameworkMethod$1.runReflectiveCall(FrameworkMethod.java:47)&#13;
	at org.junit.internal.runners.model.ReflectiveCallable.run(ReflectiveCallable.java:12)&#13;
	at org.junit.runners.model.FrameworkMethod.invokeExplosively(FrameworkMethod.java:44)&#13;
	at org.junit.internal.runners.statements.InvokeMethod.evaluate(InvokeMethod.java:17)&#13;
	at org.junit.internal.runners.statements.FailOnTimeout$StatementThread.run(FailOnTimeout.java:74)&#13;
&#13;
</error>
    </testcase>
    <testcase name="testConstructorKingExists" classname="test.Milestone1PublicTests" time="0.001"/>
    <testcase name="testLoadCardPoolInDeckReadingCSVLoadingMixCards" classname="test.Milestone1PublicTests" time="0.002">
      <error>java.io.FileNotFoundException: Cards.csv (The process cannot access the file because it is being used by another process)&#13;
	at java.io.FileOutputStream.open(Native Method)&#13;
	at java.io.FileOutputStream.&lt;init&gt;(FileOutputStream.java:213)&#13;
	at java.io.FileOutputStream.&lt;init&gt;(FileOutputStream.java:101)&#13;
	at java.io.PrintWriter.&lt;init&gt;(PrintWriter.java:184)&#13;
	at test.Milestone1PublicTests.reWriteCardsCSVForLoadCards(Milestone1PublicTests.java:4359)&#13;
	at test.Milestone1PublicTests.testLoadCardPoolInDeckReadingCSVLoadingMixCards(Milestone1PublicTests.java:1351)&#13;
	at sun.reflect.NativeMethodAccessorImpl.invoke0(Native Method)&#13;
	at sun.reflect.NativeMethodAccessorImpl.invoke(NativeMethodAccessorImpl.java:62)&#13;
	at sun.reflect.DelegatingMethodAccessorImpl.invoke(DelegatingMethodAccessorImpl.java:43)&#13;
	at java.lang.reflect.Method.invoke(Method.java:483)&#13;
	at org.junit.runners.model.FrameworkMethod$1.runReflectiveCall(FrameworkMethod.java:47)&#13;
	at org.junit.internal.runners.model.ReflectiveCallable.run(ReflectiveCallable.java:12)&#13;
	at org.junit.runners.model.FrameworkMethod.invokeExplosively(FrameworkMethod.java:44)&#13;
	at org.junit.internal.runners.statements.InvokeMethod.evaluate(InvokeMethod.java:17)&#13;
	at org.junit.internal.runners.statements.FailOnTimeout$StatementThread.run(FailOnTimeout.java:74)&#13;
&#13;
</error>
    </testcase>
    <testcase name="testEmptyConstructorCannotDiscardException" classname="test.Milestone1PublicTests" time="0.0"/>
    <testcase name="testConstructorStandardExists" classname="test.Milestone1PublicTests" time="0.0"/>
    <testcase name="testCPUInstanceVariableBoardManagerIsPresent" classname="test.Milestone1PublicTests" time="0.003"/>
    <testcase name="testSafeZoneInstanceVariableCellsPresent" classname="test.Milestone1PublicTests" time="0.0"/>
    <testcase name="testPlayerInstanceVariableSelectedCardSetterIsAbsent" classname="test.Milestone1PublicTests" time="0.0"/>
    <testcase name="testBoardInstanceVariableSplitDistanceSetterLogic" classname="test.Milestone1PublicTests" time="1.0">
      <error>java.lang.Exception: test timed out after 1000 milliseconds&#13;
	at model.card.Deck.handleString(Deck.java:45)&#13;
	at model.card.Deck.loadCardPool(Deck.java:113)&#13;
	at engine.Game.&lt;init&gt;(Game.java:49)&#13;
	at sun.reflect.GeneratedConstructorAccessor3.newInstance(Unknown Source)&#13;
	at sun.reflect.DelegatingConstructorAccessorImpl.newInstance(DelegatingConstructorAccessorImpl.java:45)&#13;
	at java.lang.reflect.Constructor.newInstance(Constructor.java:408)&#13;
	at test.Milestone1PublicTests.testBoardInstanceVariableSplitDistanceSetterLogic(Milestone1PublicTests.java:3510)&#13;
	at sun.reflect.NativeMethodAccessorImpl.invoke0(Native Method)&#13;
	at sun.reflect.NativeMethodAccessorImpl.invoke(NativeMethodAccessorImpl.java:62)&#13;
	at sun.reflect.DelegatingMethodAccessorImpl.invoke(DelegatingMethodAccessorImpl.java:43)&#13;
	at java.lang.reflect.Method.invoke(Method.java:483)&#13;
	at org.junit.runners.model.FrameworkMethod$1.runReflectiveCall(FrameworkMethod.java:47)&#13;
	at org.junit.internal.runners.model.ReflectiveCallable.run(ReflectiveCallable.java:12)&#13;
	at org.junit.runners.model.FrameworkMethod.invokeExplosively(FrameworkMethod.java:44)&#13;
	at org.junit.internal.runners.statements.InvokeMethod.evaluate(InvokeMethod.java:17)&#13;
	at org.junit.internal.runners.statements.FailOnTimeout$StatementThread.run(FailOnTimeout.java:74)&#13;
&#13;
</error>
    </testcase>
    <testcase name="testGameManagerIsAnInterface" classname="test.Milestone1PublicTests" time="0.0"/>
    <testcase name="testIllegalSwapExceptionConstructorInitialization" classname="test.Milestone1PublicTests" time="0.006"/>
    <testcase name="testDescriptionGetter" classname="test.Milestone1PublicTests" time="0.003"/>
    <testcase name="testBoardInstanceVariableSplitDistanceGetterLogic" classname="test.Milestone1PublicTests" time="1.0">
      <error>java.lang.Exception: test timed out after 1000 milliseconds&#13;
	at model.card.Deck.handleString(Deck.java:45)&#13;
	at model.card.Deck.loadCardPool(Deck.java:113)&#13;
	at engine.Game.&lt;init&gt;(Game.java:49)&#13;
	at sun.reflect.GeneratedConstructorAccessor3.newInstance(Unknown Source)&#13;
	at sun.reflect.DelegatingConstructorAccessorImpl.newInstance(DelegatingConstructorAccessorImpl.java:45)&#13;
	at java.lang.reflect.Constructor.newInstance(Constructor.java:408)&#13;
	at test.Milestone1PublicTests.testBoardInstanceVariableSplitDistanceGetterLogic(Milestone1PublicTests.java:3478)&#13;
	at sun.reflect.NativeMethodAccessorImpl.invoke0(Native Method)&#13;
	at sun.reflect.NativeMethodAccessorImpl.invoke(NativeMethodAccessorImpl.java:62)&#13;
	at sun.reflect.DelegatingMethodAccessorImpl.invoke(DelegatingMethodAccessorImpl.java:43)&#13;
	at java.lang.reflect.Method.invoke(Method.java:483)&#13;
	at org.junit.runners.model.FrameworkMethod$1.runReflectiveCall(FrameworkMethod.java:47)&#13;
	at org.junit.internal.runners.model.ReflectiveCallable.run(ReflectiveCallable.java:12)&#13;
	at org.junit.runners.model.FrameworkMethod.invokeExplosively(FrameworkMethod.java:44)&#13;
	at org.junit.internal.runners.statements.InvokeMethod.evaluate(InvokeMethod.java:17)&#13;
	at org.junit.internal.runners.statements.FailOnTimeout$StatementThread.run(FailOnTimeout.java:74)&#13;
&#13;
</error>
    </testcase>
    <testcase name="testClassIsSubclassIllegalSwapException" classname="test.Milestone1PublicTests" time="0.002"/>
    <testcase name="testGetterLogicForNameInClassStandard" classname="test.Milestone1PublicTests" time="0.107">
      <error>java.lang.Exception: test timed out after 100 milliseconds&#13;
	at model.card.Deck.handleString(Deck.java:45)&#13;
	at model.card.Deck.loadCardPool(Deck.java:113)&#13;
	at engine.Game.&lt;init&gt;(Game.java:49)&#13;
	at sun.reflect.GeneratedConstructorAccessor3.newInstance(Unknown Source)&#13;
	at sun.reflect.DelegatingConstructorAccessorImpl.newInstance(DelegatingConstructorAccessorImpl.java:45)&#13;
	at java.lang.reflect.Constructor.newInstance(Constructor.java:408)&#13;
	at test.Milestone1PublicTests.testGetterLogicForNameInClassStandard(Milestone1PublicTests.java:2604)&#13;
	at sun.reflect.NativeMethodAccessorImpl.invoke0(Native Method)&#13;
	at sun.reflect.NativeMethodAccessorImpl.invoke(NativeMethodAccessorImpl.java:62)&#13;
	at sun.reflect.DelegatingMethodAccessorImpl.invoke(DelegatingMethodAccessorImpl.java:43)&#13;
	at java.lang.reflect.Method.invoke(Method.java:483)&#13;
	at org.junit.runners.model.FrameworkMethod$1.runReflectiveCall(FrameworkMethod.java:47)&#13;
	at org.junit.internal.runners.model.ReflectiveCallable.run(ReflectiveCallable.java:12)&#13;
	at org.junit.runners.model.FrameworkMethod.invokeExplosively(FrameworkMethod.java:44)&#13;
	at org.junit.internal.runners.statements.InvokeMethod.evaluate(InvokeMethod.java:17)&#13;
	at org.junit.internal.runners.statements.FailOnTimeout$StatementThread.run(FailOnTimeout.java:74)&#13;
&#13;
</error>
    </testcase>
    <testcase name="testBoardInstanceVariableSplitDistanceGetterExists" classname="test.Milestone1PublicTests" time="0.0"/>
    <testcase name="testStandardCardRankModifiers1" classname="test.Milestone1PublicTests" time="0.005"/>
    <testcase name="testBoardClassExists" classname="test.Milestone1PublicTests" time="0.001"/>
    <testcase name="testGameConstructorInitializationBoardMangers" classname="test.Milestone1PublicTests" time="10.007">
      <error>java.lang.Exception: test timed out after 10000 milliseconds&#13;
	at model.card.Deck.handleString(Deck.java:45)&#13;
	at model.card.Deck.loadCardPool(Deck.java:113)&#13;
	at engine.Game.&lt;init&gt;(Game.java:49)&#13;
	at sun.reflect.GeneratedConstructorAccessor3.newInstance(Unknown Source)&#13;
	at sun.reflect.DelegatingConstructorAccessorImpl.newInstance(DelegatingConstructorAccessorImpl.java:45)&#13;
	at java.lang.reflect.Constructor.newInstance(Constructor.java:408)&#13;
	at test.Milestone1PublicTests.testGameConstructorInitializationBoardMangers(Milestone1PublicTests.java:2077)&#13;
	at sun.reflect.NativeMethodAccessorImpl.invoke0(Native Method)&#13;
	at sun.reflect.NativeMethodAccessorImpl.invoke(NativeMethodAccessorImpl.java:62)&#13;
	at sun.reflect.DelegatingMethodAccessorImpl.invoke(DelegatingMethodAccessorImpl.java:43)&#13;
	at java.lang.reflect.Method.invoke(Method.java:483)&#13;
	at org.junit.runners.model.FrameworkMethod$1.runReflectiveCall(FrameworkMethod.java:47)&#13;
	at org.junit.internal.runners.model.ReflectiveCallable.run(ReflectiveCallable.java:12)&#13;
	at org.junit.runners.model.FrameworkMethod.invokeExplosively(FrameworkMethod.java:44)&#13;
	at org.junit.internal.runners.statements.InvokeMethod.evaluate(InvokeMethod.java:17)&#13;
	at org.junit.internal.runners.statements.FailOnTimeout$StatementThread.run(FailOnTimeout.java:74)&#13;
&#13;
</error>
    </testcase>
    <testcase name="testPlayerInstanceVariableSelectedMarblesGetterIsAbsent" classname="test.Milestone1PublicTests" time="0.002"/>
    <testcase name="testPlayerInstanceVariableMarblesIsPresent" classname="test.Milestone1PublicTests" time="0.001"/>
    <testcase name="testEmptyConstructorIllegalMovementException" classname="test.Milestone1PublicTests" time="0.003"/>
    <testcase name="testPlayerInstanceVariableMarblesIsPrivate" classname="test.Milestone1PublicTests" time="0.001"/>
    <testcase name="testClassIsSubclassIllegalMovementException" classname="test.Milestone1PublicTests" time="0.002"/>
    <testcase name="testPlayerInstanceVariableColourIsFinal" classname="test.Milestone1PublicTests" time="0.002"/>
    <testcase name="testTestingsevenIsSubClassOfStandrad" classname="test.Milestone1PublicTests" time="0.002"/>
    <testcase name="testLoadCardPoolInDeckReadingCSVLoadingMixCards2" classname="test.Milestone1PublicTests" time="0.006">
      <error>java.io.FileNotFoundException: Cards.csv (The process cannot access the file because it is being used by another process)&#13;
	at java.io.FileOutputStream.open(Native Method)&#13;
	at java.io.FileOutputStream.&lt;init&gt;(FileOutputStream.java:213)&#13;
	at java.io.FileOutputStream.&lt;init&gt;(FileOutputStream.java:101)&#13;
	at java.io.PrintWriter.&lt;init&gt;(PrintWriter.java:184)&#13;
	at test.Milestone1PublicTests.reWriteCardsCSVForLoadCards(Milestone1PublicTests.java:4359)&#13;
	at test.Milestone1PublicTests.testLoadCardPoolInDeckReadingCSVLoadingMixCards2(Milestone1PublicTests.java:1450)&#13;
	at sun.reflect.NativeMethodAccessorImpl.invoke0(Native Method)&#13;
	at sun.reflect.NativeMethodAccessorImpl.invoke(NativeMethodAccessorImpl.java:62)&#13;
	at sun.reflect.DelegatingMethodAccessorImpl.invoke(DelegatingMethodAccessorImpl.java:43)&#13;
	at java.lang.reflect.Method.invoke(Method.java:483)&#13;
	at org.junit.runners.model.FrameworkMethod$1.runReflectiveCall(FrameworkMethod.java:47)&#13;
	at org.junit.internal.runners.model.ReflectiveCallable.run(ReflectiveCallable.java:12)&#13;
	at org.junit.runners.model.FrameworkMethod.invokeExplosively(FrameworkMethod.java:44)&#13;
	at org.junit.internal.runners.statements.InvokeMethod.evaluate(InvokeMethod.java:17)&#13;
	at org.junit.internal.runners.statements.FailOnTimeout$StatementThread.run(FailOnTimeout.java:74)&#13;
&#13;
</error>
    </testcase>
    <testcase name="testSetterForInstanceVariableNameDoesNotExistInAnyClass" classname="test.Milestone1PublicTests" time="0.002"/>
    <testcase name="testPlayerInstanceVariableColourIsPresent" classname="test.Milestone1PublicTests" time="0.002"/>
    <testcase name="testClassIsSubclassInvalidCardException" classname="test.Milestone1PublicTests" time="0.001"/>
    <testcase name="testConstructorGameException" classname="test.Milestone1PublicTests" time="0.0"/>
    <testcase name="testPlayerConstructorInitializationMarblesCorrect" classname="test.Milestone1PublicTests" time="0.001"/>
    <testcase name="testNameCardsLoadCardPoolInDeckReadingCSVLoadingWildCards" classname="test.Milestone1PublicTests" time="0.004">
      <error>java.io.FileNotFoundException: Cards.csv (The process cannot access the file because it is being used by another process)&#13;
	at java.io.FileOutputStream.open(Native Method)&#13;
	at java.io.FileOutputStream.&lt;init&gt;(FileOutputStream.java:213)&#13;
	at java.io.FileOutputStream.&lt;init&gt;(FileOutputStream.java:101)&#13;
	at java.io.PrintWriter.&lt;init&gt;(PrintWriter.java:184)&#13;
	at test.Milestone1PublicTests.reWriteCardsCSVForLoadCards(Milestone1PublicTests.java:4359)&#13;
	at test.Milestone1PublicTests.testNameCardsLoadCardPoolInDeckReadingCSVLoadingWildCards(Milestone1PublicTests.java:1167)&#13;
	at sun.reflect.NativeMethodAccessorImpl.invoke0(Native Method)&#13;
	at sun.reflect.NativeMethodAccessorImpl.invoke(NativeMethodAccessorImpl.java:62)&#13;
	at sun.reflect.DelegatingMethodAccessorImpl.invoke(DelegatingMethodAccessorImpl.java:43)&#13;
	at java.lang.reflect.Method.invoke(Method.java:483)&#13;
	at org.junit.runners.model.FrameworkMethod$1.runReflectiveCall(FrameworkMethod.java:47)&#13;
	at org.junit.internal.runners.model.ReflectiveCallable.run(ReflectiveCallable.java:12)&#13;
	at org.junit.runners.model.FrameworkMethod.invokeExplosively(FrameworkMethod.java:44)&#13;
	at org.junit.internal.runners.statements.InvokeMethod.evaluate(InvokeMethod.java:17)&#13;
	at org.junit.internal.runners.statements.FailOnTimeout$StatementThread.run(FailOnTimeout.java:74)&#13;
&#13;
</error>
    </testcase>
    <testcase name="testClassBurnerExists" classname="test.Milestone1PublicTests" time="0.0"/>
    <testcase name="testRankGetter" classname="test.Milestone1PublicTests" time="0.0"/>
    <testcase name="testCPUConstructorExists" classname="test.Milestone1PublicTests" time="0.002"/>
    <testcase name="testSafeZoneInstanceVariableColourIsFinal" classname="test.Milestone1PublicTests" time="0.001"/>
    <testcase name="testCardsFileInDeckIsFinal" classname="test.Milestone1PublicTests" time="0.0"/>
    <testcase name="testCardsPoolInDeckIsPrivate" classname="test.Milestone1PublicTests" time="0.0"/>
    <testcase name="testGameInstanceVariableBoardGetterExists" classname="test.Milestone1PublicTests" time="0.002"/>
    <testcase name="testBoardConstructorInitializationTrackCorrect" classname="test.Milestone1PublicTests" time="1.001">
      <error>java.lang.Exception: test timed out after 1000 milliseconds&#13;
	at model.card.Deck.handleString(Deck.java:45)&#13;
	at model.card.Deck.loadCardPool(Deck.java:113)&#13;
	at engine.Game.&lt;init&gt;(Game.java:49)&#13;
	at sun.reflect.GeneratedConstructorAccessor3.newInstance(Unknown Source)&#13;
	at sun.reflect.DelegatingConstructorAccessorImpl.newInstance(DelegatingConstructorAccessorImpl.java:45)&#13;
	at java.lang.reflect.Constructor.newInstance(Constructor.java:408)&#13;
	at test.Milestone1PublicTests.testBoardConstructorInitializationTrackCorrect(Milestone1PublicTests.java:3600)&#13;
	at sun.reflect.NativeMethodAccessorImpl.invoke0(Native Method)&#13;
	at sun.reflect.NativeMethodAccessorImpl.invoke(NativeMethodAccessorImpl.java:62)&#13;
	at sun.reflect.DelegatingMethodAccessorImpl.invoke(DelegatingMethodAccessorImpl.java:43)&#13;
	at java.lang.reflect.Method.invoke(Method.java:483)&#13;
	at org.junit.runners.model.FrameworkMethod$1.runReflectiveCall(FrameworkMethod.java:47)&#13;
	at org.junit.internal.runners.model.ReflectiveCallable.run(ReflectiveCallable.java:12)&#13;
	at org.junit.runners.model.FrameworkMethod.invokeExplosively(FrameworkMethod.java:44)&#13;
	at org.junit.internal.runners.statements.InvokeMethod.evaluate(InvokeMethod.java:17)&#13;
	at org.junit.internal.runners.statements.FailOnTimeout$StatementThread.run(FailOnTimeout.java:74)&#13;
&#13;
</error>
    </testcase>
    <testcase name="testClassTenExists" classname="test.Milestone1PublicTests" time="0.003"/>
    <testcase name="testPlayerInstanceVariableNameSetterIsAbsent" classname="test.Milestone1PublicTests" time="0.002"/>
    <testcase name="testStandardCardConstructorInitialization" classname="test.Milestone1PublicTests" time="5.453">
      <error>java.lang.reflect.InvocationTargetException&#13;
	at sun.reflect.GeneratedConstructorAccessor3.newInstance(Unknown Source)&#13;
	at sun.reflect.DelegatingConstructorAccessorImpl.newInstance(DelegatingConstructorAccessorImpl.java:45)&#13;
	at java.lang.reflect.Constructor.newInstance(Constructor.java:408)&#13;
	at test.Milestone1PublicTests.testStandardCardConstructorInitialization(Milestone1PublicTests.java:2285)&#13;
	at sun.reflect.NativeMethodAccessorImpl.invoke0(Native Method)&#13;
	at sun.reflect.NativeMethodAccessorImpl.invoke(NativeMethodAccessorImpl.java:62)&#13;
	at sun.reflect.DelegatingMethodAccessorImpl.invoke(DelegatingMethodAccessorImpl.java:43)&#13;
	at java.lang.reflect.Method.invoke(Method.java:483)&#13;
	at org.junit.runners.model.FrameworkMethod$1.runReflectiveCall(FrameworkMethod.java:47)&#13;
	at org.junit.internal.runners.model.ReflectiveCallable.run(ReflectiveCallable.java:12)&#13;
	at org.junit.runners.model.FrameworkMethod.invokeExplosively(FrameworkMethod.java:44)&#13;
	at org.junit.internal.runners.statements.InvokeMethod.evaluate(InvokeMethod.java:17)&#13;
	at org.junit.internal.runners.statements.FailOnTimeout$StatementThread.run(FailOnTimeout.java:74)&#13;
Caused by: java.lang.NumberFormatException: For input string: ""&#13;
	at java.lang.NumberFormatException.forInputString(NumberFormatException.java:65)&#13;
	at java.lang.Integer.parseInt(Integer.java:592)&#13;
	at java.lang.Integer.parseInt(Integer.java:615)&#13;
	at model.card.Deck.handleString(Deck.java:34)&#13;
	at model.card.Deck.loadCardPool(Deck.java:113)&#13;
	at engine.Game.&lt;init&gt;(Game.java:49)&#13;
	... 13 more&#13;
&#13;
</error>
    </testcase>
    <testcase name="testBoardInstanceVariableGameManagerOfTypeGameManager" classname="test.Milestone1PublicTests" time="0.002"/>
    <testcase name="testCellInstanceVariableCellTypeGetterLogic" classname="test.Milestone1PublicTests" time="0.0"/>
    <testcase name="testEmptyConstructorGameException" classname="test.Milestone1PublicTests" time="0.003"/>
    <testcase name="testCPUInstanceVariableBoardManagerIsFinal" classname="test.Milestone1PublicTests" time="0.001"/>
    <testcase name="testCodeCardsLoadCardPoolInDeckReadingCSVLoadingWildCards" classname="test.Milestone1PublicTests" time="0.004">
      <error>java.io.FileNotFoundException: Cards.csv (The process cannot access the file because it is being used by another process)&#13;
	at java.io.FileOutputStream.open(Native Method)&#13;
	at java.io.FileOutputStream.&lt;init&gt;(FileOutputStream.java:213)&#13;
	at java.io.FileOutputStream.&lt;init&gt;(FileOutputStream.java:101)&#13;
	at java.io.PrintWriter.&lt;init&gt;(PrintWriter.java:184)&#13;
	at test.Milestone1PublicTests.reWriteCardsCSVForLoadCards(Milestone1PublicTests.java:4359)&#13;
	at test.Milestone1PublicTests.testCodeCardsLoadCardPoolInDeckReadingCSVLoadingWildCards(Milestone1PublicTests.java:1225)&#13;
	at sun.reflect.NativeMethodAccessorImpl.invoke0(Native Method)&#13;
	at sun.reflect.NativeMethodAccessorImpl.invoke(NativeMethodAccessorImpl.java:62)&#13;
	at sun.reflect.DelegatingMethodAccessorImpl.invoke(DelegatingMethodAccessorImpl.java:43)&#13;
	at java.lang.reflect.Method.invoke(Method.java:483)&#13;
	at org.junit.runners.model.FrameworkMethod$1.runReflectiveCall(FrameworkMethod.java:47)&#13;
	at org.junit.internal.runners.model.ReflectiveCallable.run(ReflectiveCallable.java:12)&#13;
	at org.junit.runners.model.FrameworkMethod.invokeExplosively(FrameworkMethod.java:44)&#13;
	at org.junit.internal.runners.statements.InvokeMethod.evaluate(InvokeMethod.java:17)&#13;
	at org.junit.internal.runners.statements.FailOnTimeout$StatementThread.run(FailOnTimeout.java:74)&#13;
&#13;
</error>
    </testcase>
    <testcase name="testCardDescriptionModifiers4" classname="test.Milestone1PublicTests" time="0.0"/>
    <testcase name="testDrawCardsInDeckisStatic" classname="test.Milestone1PublicTests" time="0.002"/>
    <testcase name="testCellInstanceVariableMarbleGetterLogic" classname="test.Milestone1PublicTests" time="0.001"/>
    <testcase name="testgetSplitDistanceInBoardManagerInterface" classname="test.Milestone1PublicTests" time="0.0"/>
    <testcase name="testCannotDiscardExceptionConstructorInitializationCheck" classname="test.Milestone1PublicTests" time="0.0"/>
    <testcase name="testSafeZoneInstanceVariableColourGetterExists" classname="test.Milestone1PublicTests" time="0.003"/>
    <testcase name="testMarbleInCellSetterLogic" classname="test.Milestone1PublicTests" time="0.0"/>
    <testcase name="testTypeOfMarbleInCell" classname="test.Milestone1PublicTests" time="0.0"/>
    <testcase name="testGameInstanceVariableCurrentPlayerIndexNOGetter" classname="test.Milestone1PublicTests" time="0.105">
      <failure>java.lang.AssertionError: The "currentPlayerIndex" instance variable in class Game is not a READ variable.&#13;
	at org.junit.Assert.fail(Assert.java:88)&#13;
	at org.junit.Assert.assertTrue(Assert.java:41)&#13;
	at org.junit.Assert.assertFalse(Assert.java:64)&#13;
	at test.Milestone1PublicTests.testGetterMethodExistsInClass(Milestone1PublicTests.java:5070)&#13;
	at test.Milestone1PublicTests.testGameInstanceVariableCurrentPlayerIndexNOGetter(Milestone1PublicTests.java:734)&#13;
	at sun.reflect.NativeMethodAccessorImpl.invoke0(Native Method)&#13;
	at sun.reflect.NativeMethodAccessorImpl.invoke(NativeMethodAccessorImpl.java:62)&#13;
	at sun.reflect.DelegatingMethodAccessorImpl.invoke(DelegatingMethodAccessorImpl.java:43)&#13;
	at java.lang.reflect.Method.invoke(Method.java:483)&#13;
	at org.junit.runners.model.FrameworkMethod$1.runReflectiveCall(FrameworkMethod.java:47)&#13;
	at org.junit.internal.runners.model.ReflectiveCallable.run(ReflectiveCallable.java:12)&#13;
	at org.junit.runners.model.FrameworkMethod.invokeExplosively(FrameworkMethod.java:44)&#13;
	at org.junit.internal.runners.statements.InvokeMethod.evaluate(InvokeMethod.java:17)&#13;
	at org.junit.internal.runners.statements.FailOnTimeout$StatementThread.run(FailOnTimeout.java:74)&#13;
&#13;
</failure>
    </testcase>
    <testcase name="testGameInstanceVariableTurnPresent" classname="test.Milestone1PublicTests" time="0.0"/>
    <testcase name="testGameInstanceVariableFirePitIsFinal" classname="test.Milestone1PublicTests" time="0.003"/>
    <testcase name="testPlayerInstanceVariableSelectedMarblesIsPrivate" classname="test.Milestone1PublicTests" time="0.0"/>
    <testcase name="testGameInstanceVariablePlayersGetterExists" classname="test.Milestone1PublicTests" time="0.0"/>
    <testcase name="testClassIsSubclassCannotFieldException" classname="test.Milestone1PublicTests" time="0.0"/>
    <testcase name="testIsCardAnAbstractClass" classname="test.Milestone1PublicTests" time="0.001"/>
    <testcase name="testPlayerInstanceVariablehHandOfTypeArrayListOfCard" classname="test.Milestone1PublicTests" time="0.0"/>
    <testcase name="testCardsFileInDeckExistance" classname="test.Milestone1PublicTests" time="0.0"/>
    <testcase name="testTestingJackIsSubClassOfStandrad" classname="test.Milestone1PublicTests" time="0.0"/>
    <testcase name="testBoardInstanceVariablehTrackOfTypeArrayListOfCell" classname="test.Milestone1PublicTests" time="0.0"/>
    <testcase name="testGameInstanceVariablePlayersPresent" classname="test.Milestone1PublicTests" time="0.003"/>
    <testcase name="testCannotFieldExceptionConstructorInitialization" classname="test.Milestone1PublicTests" time="0.001"/>
    <testcase name="testPlayerInstanceVariableSelectedCardGetterLogic" classname="test.Milestone1PublicTests" time="1.0">
      <error>java.lang.Exception: test timed out after 1000 milliseconds&#13;
	at model.card.Deck.handleString(Deck.java:45)&#13;
	at model.card.Deck.loadCardPool(Deck.java:113)&#13;
	at engine.Game.&lt;init&gt;(Game.java:49)&#13;
	at sun.reflect.GeneratedConstructorAccessor3.newInstance(Unknown Source)&#13;
	at sun.reflect.DelegatingConstructorAccessorImpl.newInstance(DelegatingConstructorAccessorImpl.java:45)&#13;
	at java.lang.reflect.Constructor.newInstance(Constructor.java:408)&#13;
	at test.Milestone1PublicTests.testPlayerInstanceVariableSelectedCardGetterLogic(Milestone1PublicTests.java:2907)&#13;
	at sun.reflect.NativeMethodAccessorImpl.invoke0(Native Method)&#13;
	at sun.reflect.NativeMethodAccessorImpl.invoke(NativeMethodAccessorImpl.java:62)&#13;
	at sun.reflect.DelegatingMethodAccessorImpl.invoke(DelegatingMethodAccessorImpl.java:43)&#13;
	at java.lang.reflect.Method.invoke(Method.java:483)&#13;
	at org.junit.runners.model.FrameworkMethod$1.runReflectiveCall(FrameworkMethod.java:47)&#13;
	at org.junit.internal.runners.model.ReflectiveCallable.run(ReflectiveCallable.java:12)&#13;
	at org.junit.runners.model.FrameworkMethod.invokeExplosively(FrameworkMethod.java:44)&#13;
	at org.junit.internal.runners.statements.InvokeMethod.evaluate(InvokeMethod.java:17)&#13;
	at org.junit.internal.runners.statements.FailOnTimeout$StatementThread.run(FailOnTimeout.java:74)&#13;
&#13;
</error>
    </testcase>
    <testcase name="testCPUConstructorInitialization" classname="test.Milestone1PublicTests" time="1.005">
      <error>java.lang.Exception: test timed out after 1000 milliseconds&#13;
	at model.card.Deck.handleString(Deck.java:45)&#13;
	at model.card.Deck.loadCardPool(Deck.java:113)&#13;
	at engine.Game.&lt;init&gt;(Game.java:49)&#13;
	at sun.reflect.GeneratedConstructorAccessor3.newInstance(Unknown Source)&#13;
	at sun.reflect.DelegatingConstructorAccessorImpl.newInstance(DelegatingConstructorAccessorImpl.java:45)&#13;
	at java.lang.reflect.Constructor.newInstance(Constructor.java:408)&#13;
	at test.Milestone1PublicTests.testCPUConstructorInitialization(Milestone1PublicTests.java:3285)&#13;
	at sun.reflect.NativeMethodAccessorImpl.invoke0(Native Method)&#13;
	at sun.reflect.NativeMethodAccessorImpl.invoke(NativeMethodAccessorImpl.java:62)&#13;
	at sun.reflect.DelegatingMethodAccessorImpl.invoke(DelegatingMethodAccessorImpl.java:43)&#13;
	at java.lang.reflect.Method.invoke(Method.java:483)&#13;
	at org.junit.runners.model.FrameworkMethod$1.runReflectiveCall(FrameworkMethod.java:47)&#13;
	at org.junit.internal.runners.model.ReflectiveCallable.run(ReflectiveCallable.java:12)&#13;
	at org.junit.runners.model.FrameworkMethod.invokeExplosively(FrameworkMethod.java:44)&#13;
	at org.junit.internal.runners.statements.InvokeMethod.evaluate(InvokeMethod.java:17)&#13;
	at org.junit.internal.runners.statements.FailOnTimeout$StatementThread.run(FailOnTimeout.java:74)&#13;
&#13;
</error>
    </testcase>
    <testcase name="testPlayerInstanceVariableNameIsFinal" classname="test.Milestone1PublicTests" time="0.001"/>
    <testcase name="testSplitOutOfRangeExceptionConstructorInitializationCheck" classname="test.Milestone1PublicTests" time="0.004">
      <error>java.lang.NoSuchMethodException: exception.SplitOutOfRangeException.&lt;init&gt;(java.lang.String)&#13;
	at java.lang.Class.getConstructor0(Class.java:3074)&#13;
	at java.lang.Class.getConstructor(Class.java:1817)&#13;
	at test.Milestone1PublicTests.testSplitOutOfRangeExceptionConstructorInitializationCheck(Milestone1PublicTests.java:3943)&#13;
	at sun.reflect.NativeMethodAccessorImpl.invoke0(Native Method)&#13;
	at sun.reflect.NativeMethodAccessorImpl.invoke(NativeMethodAccessorImpl.java:62)&#13;
	at sun.reflect.DelegatingMethodAccessorImpl.invoke(DelegatingMethodAccessorImpl.java:43)&#13;
	at java.lang.reflect.Method.invoke(Method.java:483)&#13;
	at org.junit.runners.model.FrameworkMethod$1.runReflectiveCall(FrameworkMethod.java:47)&#13;
	at org.junit.internal.runners.model.ReflectiveCallable.run(ReflectiveCallable.java:12)&#13;
	at org.junit.runners.model.FrameworkMethod.invokeExplosively(FrameworkMethod.java:44)&#13;
	at org.junit.internal.runners.statements.InvokeMethod.evaluate(InvokeMethod.java:17)&#13;
	at org.junit.internal.runners.statements.FailOnTimeout$StatementThread.run(FailOnTimeout.java:74)&#13;
&#13;
</error>
    </testcase>
    <testcase name="testTrapInCellGetterExists" classname="test.Milestone1PublicTests" time="0.002"/>
    <testcase name="testBoardManagerModifier" classname="test.Milestone1PublicTests" time="0.0"/>
    <testcase name="testPlayerInstanceVariableSelectedMarblesOfTypeArrayList" classname="test.Milestone1PublicTests" time="0.003"/>
    <testcase name="testGameInstanceVariableFirePitNoSetter" classname="test.Milestone1PublicTests" time="0.002"/>
    <testcase name="testMarbleInCellSetterExists" classname="test.Milestone1PublicTests" time="0.002"/>
    <testcase name="testGameConstructorInitializationTurn" classname="test.Milestone1PublicTests" time="10.003">
      <error>java.lang.Exception: test timed out after 10000 milliseconds&#13;
	at model.card.Deck.handleString(Deck.java:45)&#13;
	at model.card.Deck.loadCardPool(Deck.java:113)&#13;
	at engine.Game.&lt;init&gt;(Game.java:49)&#13;
	at sun.reflect.GeneratedConstructorAccessor3.newInstance(Unknown Source)&#13;
	at sun.reflect.DelegatingConstructorAccessorImpl.newInstance(DelegatingConstructorAccessorImpl.java:45)&#13;
	at java.lang.reflect.Constructor.newInstance(Constructor.java:408)&#13;
	at test.Milestone1PublicTests.testGameConstructorInitializationTurn(Milestone1PublicTests.java:750)&#13;
	at sun.reflect.NativeMethodAccessorImpl.invoke0(Native Method)&#13;
	at sun.reflect.NativeMethodAccessorImpl.invoke(NativeMethodAccessorImpl.java:62)&#13;
	at sun.reflect.DelegatingMethodAccessorImpl.invoke(DelegatingMethodAccessorImpl.java:43)&#13;
	at java.lang.reflect.Method.invoke(Method.java:483)&#13;
	at org.junit.runners.model.FrameworkMethod$1.runReflectiveCall(FrameworkMethod.java:47)&#13;
	at org.junit.internal.runners.model.ReflectiveCallable.run(ReflectiveCallable.java:12)&#13;
	at org.junit.runners.model.FrameworkMethod.invokeExplosively(FrameworkMethod.java:44)&#13;
	at org.junit.internal.runners.statements.InvokeMethod.evaluate(InvokeMethod.java:17)&#13;
	at org.junit.internal.runners.statements.FailOnTimeout$StatementThread.run(FailOnTimeout.java:74)&#13;
&#13;
</error>
    </testcase>
    <testcase name="testBoardConstructorInitializationSafeZonesCorrect" classname="test.Milestone1PublicTests" time="1.004">
      <error>java.lang.Exception: test timed out after 1000 milliseconds&#13;
	at model.card.Deck.handleString(Deck.java:45)&#13;
	at model.card.Deck.loadCardPool(Deck.java:113)&#13;
	at engine.Game.&lt;init&gt;(Game.java:49)&#13;
	at sun.reflect.GeneratedConstructorAccessor3.newInstance(Unknown Source)&#13;
	at sun.reflect.DelegatingConstructorAccessorImpl.newInstance(DelegatingConstructorAccessorImpl.java:45)&#13;
	at java.lang.reflect.Constructor.newInstance(Constructor.java:408)&#13;
	at test.Milestone1PublicTests.testBoardConstructorInitializationSafeZonesCorrect(Milestone1PublicTests.java:3658)&#13;
	at sun.reflect.NativeMethodAccessorImpl.invoke0(Native Method)&#13;
	at sun.reflect.NativeMethodAccessorImpl.invoke(NativeMethodAccessorImpl.java:62)&#13;
	at sun.reflect.DelegatingMethodAccessorImpl.invoke(DelegatingMethodAccessorImpl.java:43)&#13;
	at java.lang.reflect.Method.invoke(Method.java:483)&#13;
	at org.junit.runners.model.FrameworkMethod$1.runReflectiveCall(FrameworkMethod.java:47)&#13;
	at org.junit.internal.runners.model.ReflectiveCallable.run(ReflectiveCallable.java:12)&#13;
	at org.junit.runners.model.FrameworkMethod.invokeExplosively(FrameworkMethod.java:44)&#13;
	at org.junit.internal.runners.statements.InvokeMethod.evaluate(InvokeMethod.java:17)&#13;
	at org.junit.internal.runners.statements.FailOnTimeout$StatementThread.run(FailOnTimeout.java:74)&#13;
&#13;
</error>
    </testcase>
    <testcase name="testPlayerConstructorInitializationHandCorrect" classname="test.Milestone1PublicTests" time="0.001"/>
    <testcase name="testPlayerInstanceVariableMarblesOfTypeArrayListOfMarbles" classname="test.Milestone1PublicTests" time="0.0"/>
    <testcase name="testBoardInGameType" classname="test.Milestone1PublicTests" time="0.001"/>
    <testcase name="testGameInstanceVariablePlayersGetterLogic" classname="test.Milestone1PublicTests" time="1.01">
      <error>java.lang.Exception: test timed out after 1000 milliseconds&#13;
	at model.card.Deck.handleString(Deck.java:45)&#13;
	at model.card.Deck.loadCardPool(Deck.java:113)&#13;
	at engine.Game.&lt;init&gt;(Game.java:49)&#13;
	at sun.reflect.GeneratedConstructorAccessor3.newInstance(Unknown Source)&#13;
	at sun.reflect.DelegatingConstructorAccessorImpl.newInstance(DelegatingConstructorAccessorImpl.java:45)&#13;
	at java.lang.reflect.Constructor.newInstance(Constructor.java:408)&#13;
	at test.Milestone1PublicTests.testGameInstanceVariablePlayersGetterLogic(Milestone1PublicTests.java:652)&#13;
	at sun.reflect.NativeMethodAccessorImpl.invoke0(Native Method)&#13;
	at sun.reflect.NativeMethodAccessorImpl.invoke(NativeMethodAccessorImpl.java:62)&#13;
	at sun.reflect.DelegatingMethodAccessorImpl.invoke(DelegatingMethodAccessorImpl.java:43)&#13;
	at java.lang.reflect.Method.invoke(Method.java:483)&#13;
	at org.junit.runners.model.FrameworkMethod$1.runReflectiveCall(FrameworkMethod.java:47)&#13;
	at org.junit.internal.runners.model.ReflectiveCallable.run(ReflectiveCallable.java:12)&#13;
	at org.junit.runners.model.FrameworkMethod.invokeExplosively(FrameworkMethod.java:44)&#13;
	at org.junit.internal.runners.statements.InvokeMethod.evaluate(InvokeMethod.java:17)&#13;
	at org.junit.internal.runners.statements.FailOnTimeout$StatementThread.run(FailOnTimeout.java:74)&#13;
&#13;
</error>
    </testcase>
    <testcase name="testClassCardExists" classname="test.Milestone1PublicTests" time="0.0"/>
    <testcase name="testColourInMarbleType" classname="test.Milestone1PublicTests" time="0.0"/>
    <testcase name="testSafeZoneInstanceVariableCellsGetterExists" classname="test.Milestone1PublicTests" time="0.002"/>
    <testcase name="testLoadCardPoolInDeckReadingCSVLoadingStandardCards1" classname="test.Milestone1PublicTests" time="0.002">
      <error>java.io.FileNotFoundException: Cards.csv (The process cannot access the file because it is being used by another process)&#13;
	at java.io.FileOutputStream.open(Native Method)&#13;
	at java.io.FileOutputStream.&lt;init&gt;(FileOutputStream.java:213)&#13;
	at java.io.FileOutputStream.&lt;init&gt;(FileOutputStream.java:101)&#13;
	at java.io.PrintWriter.&lt;init&gt;(PrintWriter.java:184)&#13;
	at test.Milestone1PublicTests.reWriteCardsCSVForLoadCards(Milestone1PublicTests.java:4359)&#13;
	at test.Milestone1PublicTests.testLoadCardPoolInDeckReadingCSVLoadingStandardCards1(Milestone1PublicTests.java:1549)&#13;
	at sun.reflect.NativeMethodAccessorImpl.invoke0(Native Method)&#13;
	at sun.reflect.NativeMethodAccessorImpl.invoke(NativeMethodAccessorImpl.java:62)&#13;
	at sun.reflect.DelegatingMethodAccessorImpl.invoke(DelegatingMethodAccessorImpl.java:43)&#13;
	at java.lang.reflect.Method.invoke(Method.java:483)&#13;
	at org.junit.runners.model.FrameworkMethod$1.runReflectiveCall(FrameworkMethod.java:47)&#13;
	at org.junit.internal.runners.model.ReflectiveCallable.run(ReflectiveCallable.java:12)&#13;
	at org.junit.runners.model.FrameworkMethod.invokeExplosively(FrameworkMethod.java:44)&#13;
	at org.junit.internal.runners.statements.InvokeMethod.evaluate(InvokeMethod.java:17)&#13;
	at org.junit.internal.runners.statements.FailOnTimeout$StatementThread.run(FailOnTimeout.java:74)&#13;
&#13;
</error>
    </testcase>
    <testcase name="testLoadCardPoolInDeckReadingCSVLoadingStandardCards2" classname="test.Milestone1PublicTests" time="0.0">
      <error>java.io.FileNotFoundException: Cards.csv (The process cannot access the file because it is being used by another process)&#13;
	at java.io.FileOutputStream.open(Native Method)&#13;
	at java.io.FileOutputStream.&lt;init&gt;(FileOutputStream.java:213)&#13;
	at java.io.FileOutputStream.&lt;init&gt;(FileOutputStream.java:101)&#13;
	at java.io.PrintWriter.&lt;init&gt;(PrintWriter.java:184)&#13;
	at test.Milestone1PublicTests.reWriteCardsCSVForLoadCards(Milestone1PublicTests.java:4359)&#13;
	at test.Milestone1PublicTests.testLoadCardPoolInDeckReadingCSVLoadingStandardCards2(Milestone1PublicTests.java:1713)&#13;
	at sun.reflect.NativeMethodAccessorImpl.invoke0(Native Method)&#13;
	at sun.reflect.NativeMethodAccessorImpl.invoke(NativeMethodAccessorImpl.java:62)&#13;
	at sun.reflect.DelegatingMethodAccessorImpl.invoke(DelegatingMethodAccessorImpl.java:43)&#13;
	at java.lang.reflect.Method.invoke(Method.java:483)&#13;
	at org.junit.runners.model.FrameworkMethod$1.runReflectiveCall(FrameworkMethod.java:47)&#13;
	at org.junit.internal.runners.model.ReflectiveCallable.run(ReflectiveCallable.java:12)&#13;
	at org.junit.runners.model.FrameworkMethod.invokeExplosively(FrameworkMethod.java:44)&#13;
	at org.junit.internal.runners.statements.InvokeMethod.evaluate(InvokeMethod.java:17)&#13;
	at org.junit.internal.runners.statements.FailOnTimeout$StatementThread.run(FailOnTimeout.java:74)&#13;
&#13;
</error>
    </testcase>
    <testcase name="testPlayerInstanceVariableNameIsPrivate" classname="test.Milestone1PublicTests" time="0.004"/>
    <testcase name="testColourInSafeZoneType" classname="test.Milestone1PublicTests" time="0.0"/>
    <testcase name="testInvalidMarbleExceptionConstructorInitialization" classname="test.Milestone1PublicTests" time="0.0"/>
    <testcase name="testCellConstructorExists" classname="test.Milestone1PublicTests" time="0.001"/>
    <testcase name="testBoardInstanceVariableSafeZonesIsPresent" classname="test.Milestone1PublicTests" time="0.0"/>
    <testcase name="testBoardInstanceVariableSafeZonesIsPrivate" classname="test.Milestone1PublicTests" time="0.001"/>
    <testcase name="testBoardInstanceVariableGameManagerGetterIsAbsent" classname="test.Milestone1PublicTests" time="0.0"/>
    <testcase name="testClassJackExists" classname="test.Milestone1PublicTests" time="0.0"/>
    <testcase name="testCellTypeIsEnum" classname="test.Milestone1PublicTests" time="0.0"/>
    <testcase name="testTestingQueenIsSubClassOfStandrad" classname="test.Milestone1PublicTests" time="0.003"/>
    <testcase name="testConstructorfourExists" classname="test.Milestone1PublicTests" time="0.0"/>
    <testcase name="testPlayerInstanceVariableHandIsPresent" classname="test.Milestone1PublicTests" time="0.0"/>
    <testcase name="testPlayerInstanceVariableHandIsPrivate" classname="test.Milestone1PublicTests" time="0.001"/>
    <testcase name="testCardInstanceVariablRankIsPresent" classname="test.Milestone1PublicTests" time="0.0"/>
    <testcase name="testBoardInstanceVariableGameManagerIsFinal" classname="test.Milestone1PublicTests" time="0.0"/>
    <testcase name="testEmptyConstructorInvalidCardException" classname="test.Milestone1PublicTests" time="0.003"/>
    <testcase name="testBurnerIsSubClassOfWild" classname="test.Milestone1PublicTests" time="0.0"/>
    <testcase name="testMarbleInstanceVariableColourGetterLogic" classname="test.Milestone1PublicTests" time="0.002"/>
    <testcase name="testPlayerInstanceVariableSelectedMarblesIsFinal" classname="test.Milestone1PublicTests" time="0.0"/>
    <testcase name="testFrequencyCardsLoadCardPoolInDeckReadingCSVLoadingWildCards" classname="test.Milestone1PublicTests" time="0.003">
      <error>java.io.FileNotFoundException: Cards.csv (The process cannot access the file because it is being used by another process)&#13;
	at java.io.FileOutputStream.open(Native Method)&#13;
	at java.io.FileOutputStream.&lt;init&gt;(FileOutputStream.java:213)&#13;
	at java.io.FileOutputStream.&lt;init&gt;(FileOutputStream.java:101)&#13;
	at java.io.PrintWriter.&lt;init&gt;(PrintWriter.java:184)&#13;
	at test.Milestone1PublicTests.reWriteCardsCSVForLoadCards(Milestone1PublicTests.java:4359)&#13;
	at test.Milestone1PublicTests.testFrequencyCardsLoadCardPoolInDeckReadingCSVLoadingWildCards(Milestone1PublicTests.java:1288)&#13;
	at sun.reflect.NativeMethodAccessorImpl.invoke0(Native Method)&#13;
	at sun.reflect.NativeMethodAccessorImpl.invoke(NativeMethodAccessorImpl.java:62)&#13;
	at sun.reflect.DelegatingMethodAccessorImpl.invoke(DelegatingMethodAccessorImpl.java:43)&#13;
	at java.lang.reflect.Method.invoke(Method.java:483)&#13;
	at org.junit.runners.model.FrameworkMethod$1.runReflectiveCall(FrameworkMethod.java:47)&#13;
	at org.junit.internal.runners.model.ReflectiveCallable.run(ReflectiveCallable.java:12)&#13;
	at org.junit.runners.model.FrameworkMethod.invokeExplosively(FrameworkMethod.java:44)&#13;
	at org.junit.internal.runners.statements.InvokeMethod.evaluate(InvokeMethod.java:17)&#13;
	at org.junit.internal.runners.statements.FailOnTimeout$StatementThread.run(FailOnTimeout.java:74)&#13;
&#13;
</error>
    </testcase>
    <testcase name="testCellInstanceVariableMarbleGetterExists" classname="test.Milestone1PublicTests" time="0.0"/>
    <testcase name="testGameInstanceVariableCurrentPlayerIndexPresent" classname="test.Milestone1PublicTests" time="0.001"/>
    <testcase name="testBoardInstanceVariableSplitDistanceSetterExists" classname="test.Milestone1PublicTests" time="0.0"/>
    <testcase name="testCardsPoolInDeckIsStatic" classname="test.Milestone1PublicTests" time="0.001"/>
    <testcase name="testMarbleInstanceVariableColourGetterExists" classname="test.Milestone1PublicTests" time="0.0"/>
    <testcase name="testGameInstanceVariablePlayersNoSetter" classname="test.Milestone1PublicTests" time="0.0"/>
    <testcase name="testPlayerConstructorInitialization" classname="test.Milestone1PublicTests" time="0.002"/>
    <testcase name="testConstructorActionException" classname="test.Milestone1PublicTests" time="0.0"/>
    <testcase name="testCellInstanceVariableTrapPresent" classname="test.Milestone1PublicTests" time="0.001"/>
    <testcase name="testMarbleInstanceVariableColourNoSetter" classname="test.Milestone1PublicTests" time="0.0"/>
    <testcase name="testCardsFileInDeckValue" classname="test.Milestone1PublicTests" time="0.0"/>
    <testcase name="testFirePitInGameType" classname="test.Milestone1PublicTests" time="0.0"/>
    <testcase name="testTypeOfCellTypeInCell" classname="test.Milestone1PublicTests" time="0.003"/>
    <testcase name="testClassAceExists" classname="test.Milestone1PublicTests" time="0.0"/>
    <testcase name="testBoardImplementsBoardManager" classname="test.Milestone1PublicTests" time="0.0"/>
    <testcase name="testCPUSubToPlayer" classname="test.Milestone1PublicTests" time="0.0"/>
    <testcase name="testSuitGetter" classname="test.Milestone1PublicTests" time="0.0"/>
    <testcase name="testBoardInstanceVariableSafeZonesGetterExists" classname="test.Milestone1PublicTests" time="0.002"/>
    <testcase name="testGetterForInstanceVariableRankDoesNotExistInWeaponSubClasses" classname="test.Milestone1PublicTests" time="0.0"/>
    <testcase name="testSuitIsEnum" classname="test.Milestone1PublicTests" time="0.001"/>
    <testcase name="testPlayerInstanceVariableHandSetterLogic" classname="test.Milestone1PublicTests" time="1.004">
      <error>java.lang.Exception: test timed out after 1000 milliseconds&#13;
	at model.card.Deck.handleString(Deck.java:45)&#13;
	at model.card.Deck.loadCardPool(Deck.java:113)&#13;
	at engine.Game.&lt;init&gt;(Game.java:49)&#13;
	at sun.reflect.GeneratedConstructorAccessor3.newInstance(Unknown Source)&#13;
	at sun.reflect.DelegatingConstructorAccessorImpl.newInstance(DelegatingConstructorAccessorImpl.java:45)&#13;
	at java.lang.reflect.Constructor.newInstance(Constructor.java:408)&#13;
	at test.Milestone1PublicTests.testPlayerInstanceVariableHandSetterLogic(Milestone1PublicTests.java:3071)&#13;
	at sun.reflect.NativeMethodAccessorImpl.invoke0(Native Method)&#13;
	at sun.reflect.NativeMethodAccessorImpl.invoke(NativeMethodAccessorImpl.java:62)&#13;
	at sun.reflect.DelegatingMethodAccessorImpl.invoke(DelegatingMethodAccessorImpl.java:43)&#13;
	at java.lang.reflect.Method.invoke(Method.java:483)&#13;
	at org.junit.runners.model.FrameworkMethod$1.runReflectiveCall(FrameworkMethod.java:47)&#13;
	at org.junit.internal.runners.model.ReflectiveCallable.run(ReflectiveCallable.java:12)&#13;
	at org.junit.runners.model.FrameworkMethod.invokeExplosively(FrameworkMethod.java:44)&#13;
	at org.junit.internal.runners.statements.InvokeMethod.evaluate(InvokeMethod.java:17)&#13;
	at org.junit.internal.runners.statements.FailOnTimeout$StatementThread.run(FailOnTimeout.java:74)&#13;
&#13;
</error>
    </testcase>
    <testcase name="testSevenCardConstructorInitialization" classname="test.Milestone1PublicTests" time="10.002">
      <error>java.lang.Exception: test timed out after 10000 milliseconds&#13;
	at model.card.Deck.handleString(Deck.java:45)&#13;
	at model.card.Deck.loadCardPool(Deck.java:113)&#13;
	at engine.Game.&lt;init&gt;(Game.java:49)&#13;
	at sun.reflect.GeneratedConstructorAccessor3.newInstance(Unknown Source)&#13;
	at sun.reflect.DelegatingConstructorAccessorImpl.newInstance(DelegatingConstructorAccessorImpl.java:45)&#13;
	at java.lang.reflect.Constructor.newInstance(Constructor.java:408)&#13;
	at test.Milestone1PublicTests.testSevenCardConstructorInitialization(Milestone1PublicTests.java:2438)&#13;
	at sun.reflect.NativeMethodAccessorImpl.invoke0(Native Method)&#13;
	at sun.reflect.NativeMethodAccessorImpl.invoke(NativeMethodAccessorImpl.java:62)&#13;
	at sun.reflect.DelegatingMethodAccessorImpl.invoke(DelegatingMethodAccessorImpl.java:43)&#13;
	at java.lang.reflect.Method.invoke(Method.java:483)&#13;
	at org.junit.runners.model.FrameworkMethod$1.runReflectiveCall(FrameworkMethod.java:47)&#13;
	at org.junit.internal.runners.model.ReflectiveCallable.run(ReflectiveCallable.java:12)&#13;
	at org.junit.runners.model.FrameworkMethod.invokeExplosively(FrameworkMethod.java:44)&#13;
	at org.junit.internal.runners.statements.InvokeMethod.evaluate(InvokeMethod.java:17)&#13;
	at org.junit.internal.runners.statements.FailOnTimeout$StatementThread.run(FailOnTimeout.java:74)&#13;
&#13;
</error>
    </testcase>
    <testcase name="testCardFileInDeckGetterIsAbsent" classname="test.Milestone1PublicTests" time="0.003"/>
    <testcase name="testBoardInstanceVariableTrackIsPresent" classname="test.Milestone1PublicTests" time="0.003"/>
    <testcase name="testBoardInstanceVariableTrackIsPrivate" classname="test.Milestone1PublicTests" time="0.004"/>
    <testcase name="testGetterForInstanceVariableNameDoesNotExistInWeaponSubClasses" classname="test.Milestone1PublicTests" time="0.002"/>
    <testcase name="testPlayerInstanceVariableHandGetterLogic" classname="test.Milestone1PublicTests" time="1.005">
      <error>java.lang.Exception: test timed out after 1000 milliseconds&#13;
	at model.card.Deck.handleString(Deck.java:45)&#13;
	at model.card.Deck.loadCardPool(Deck.java:113)&#13;
	at engine.Game.&lt;init&gt;(Game.java:49)&#13;
	at sun.reflect.GeneratedConstructorAccessor3.newInstance(Unknown Source)&#13;
	at sun.reflect.DelegatingConstructorAccessorImpl.newInstance(DelegatingConstructorAccessorImpl.java:45)&#13;
	at java.lang.reflect.Constructor.newInstance(Constructor.java:408)&#13;
	at test.Milestone1PublicTests.testPlayerInstanceVariableHandGetterLogic(Milestone1PublicTests.java:3032)&#13;
	at sun.reflect.NativeMethodAccessorImpl.invoke0(Native Method)&#13;
	at sun.reflect.NativeMethodAccessorImpl.invoke(NativeMethodAccessorImpl.java:62)&#13;
	at sun.reflect.DelegatingMethodAccessorImpl.invoke(DelegatingMethodAccessorImpl.java:43)&#13;
	at java.lang.reflect.Method.invoke(Method.java:483)&#13;
	at org.junit.runners.model.FrameworkMethod$1.runReflectiveCall(FrameworkMethod.java:47)&#13;
	at org.junit.internal.runners.model.ReflectiveCallable.run(ReflectiveCallable.java:12)&#13;
	at org.junit.runners.model.FrameworkMethod.invokeExplosively(FrameworkMethod.java:44)&#13;
	at org.junit.internal.runners.statements.InvokeMethod.evaluate(InvokeMethod.java:17)&#13;
	at org.junit.internal.runners.statements.FailOnTimeout$StatementThread.run(FailOnTimeout.java:74)&#13;
&#13;
</error>
    </testcase>
    <testcase name="testClassIsAbstractInvalidSelectionException" classname="test.Milestone1PublicTests" time="0.004"/>
    <testcase name="testDrawCardsInDeckRemovedCardsCards" classname="test.Milestone1PublicTests" time="1.004">
      <error>java.lang.Exception: test timed out after 1000 milliseconds&#13;
	at model.card.Deck.handleString(Deck.java:45)&#13;
	at model.card.Deck.loadCardPool(Deck.java:113)&#13;
	at engine.Game.&lt;init&gt;(Game.java:49)&#13;
	at sun.reflect.GeneratedConstructorAccessor3.newInstance(Unknown Source)&#13;
	at sun.reflect.DelegatingConstructorAccessorImpl.newInstance(DelegatingConstructorAccessorImpl.java:45)&#13;
	at java.lang.reflect.Constructor.newInstance(Constructor.java:408)&#13;
	at test.Milestone1PublicTests.createGame(Milestone1PublicTests.java:4187)&#13;
	at test.Milestone1PublicTests.testDrawCardsInDeckRemovedCardsCards(Milestone1PublicTests.java:1798)&#13;
	at sun.reflect.NativeMethodAccessorImpl.invoke0(Native Method)&#13;
	at sun.reflect.NativeMethodAccessorImpl.invoke(NativeMethodAccessorImpl.java:62)&#13;
	at sun.reflect.DelegatingMethodAccessorImpl.invoke(DelegatingMethodAccessorImpl.java:43)&#13;
	at java.lang.reflect.Method.invoke(Method.java:483)&#13;
	at org.junit.runners.model.FrameworkMethod$1.runReflectiveCall(FrameworkMethod.java:47)&#13;
	at org.junit.internal.runners.model.ReflectiveCallable.run(ReflectiveCallable.java:12)&#13;
	at org.junit.runners.model.FrameworkMethod.invokeExplosively(FrameworkMethod.java:44)&#13;
	at org.junit.internal.runners.statements.InvokeMethod.evaluate(InvokeMethod.java:17)&#13;
	at org.junit.internal.runners.statements.FailOnTimeout$StatementThread.run(FailOnTimeout.java:74)&#13;
&#13;
</error>
    </testcase>
    <testcase name="testIllegalDestroyExceptionConstructorInitializationCheck" classname="test.Milestone1PublicTests" time="0.001"/>
    <testcase name="testWildCardExists" classname="test.Milestone1PublicTests" time="0.003"/>
    <testcase name="testPlayerInstanceVariableColourGetterLogicCase1" classname="test.Milestone1PublicTests" time="0.004"/>
    <testcase name="testTestingStandardIsSubClassOfCard" classname="test.Milestone1PublicTests" time="0.003"/>
    <testcase name="testIllegalSwapExceptionConstructorInitializationCheck" classname="test.Milestone1PublicTests" time="0.002"/>
    <testcase name="testCellInstanceVariableMarbleIsPrivate" classname="test.Milestone1PublicTests" time="0.002"/>
    <testcase name="testGameConstructorInitializationGameMangers" classname="test.Milestone1PublicTests" time="10.011">
      <error>java.lang.Exception: test timed out after 10000 milliseconds&#13;
	at model.card.Deck.handleString(Deck.java:45)&#13;
	at model.card.Deck.loadCardPool(Deck.java:113)&#13;
	at engine.Game.&lt;init&gt;(Game.java:49)&#13;
	at sun.reflect.GeneratedConstructorAccessor3.newInstance(Unknown Source)&#13;
	at sun.reflect.DelegatingConstructorAccessorImpl.newInstance(DelegatingConstructorAccessorImpl.java:45)&#13;
	at java.lang.reflect.Constructor.newInstance(Constructor.java:408)&#13;
	at test.Milestone1PublicTests.testGameConstructorInitializationGameMangers(Milestone1PublicTests.java:2010)&#13;
	at sun.reflect.NativeMethodAccessorImpl.invoke0(Native Method)&#13;
	at sun.reflect.NativeMethodAccessorImpl.invoke(NativeMethodAccessorImpl.java:62)&#13;
	at sun.reflect.DelegatingMethodAccessorImpl.invoke(DelegatingMethodAccessorImpl.java:43)&#13;
	at java.lang.reflect.Method.invoke(Method.java:483)&#13;
	at org.junit.runners.model.FrameworkMethod$1.runReflectiveCall(FrameworkMethod.java:47)&#13;
	at org.junit.internal.runners.model.ReflectiveCallable.run(ReflectiveCallable.java:12)&#13;
	at org.junit.runners.model.FrameworkMethod.invokeExplosively(FrameworkMethod.java:44)&#13;
	at org.junit.internal.runners.statements.InvokeMethod.evaluate(InvokeMethod.java:17)&#13;
	at org.junit.internal.runners.statements.FailOnTimeout$StatementThread.run(FailOnTimeout.java:74)&#13;
&#13;
</error>
    </testcase>
    <testcase name="testCardsPoolInDeckSetterIsAbsent" classname="test.Milestone1PublicTests" time="0.0"/>
    <testcase name="testConstructorIllegalDestroyException" classname="test.Milestone1PublicTests" time="0.0"/>
    <testcase name="testSafeZoneInstanceVariableColourPresent" classname="test.Milestone1PublicTests" time="0.0"/>
    <testcase name="testCPUInstanceVariableBoardManagerSetterIsAbsent" classname="test.Milestone1PublicTests" time="0.002"/>
    <testcase name="testSafeZoneInstanceVariableCellsIsFinal" classname="test.Milestone1PublicTests" time="0.0"/>
    <testcase name="testClassKingExists" classname="test.Milestone1PublicTests" time="0.001"/>
  </testsuite>
</testrun>
